============================= test session starts ==============================
platform darwin -- Python 3.11.14, pytest-9.0.2, pluggy-1.6.0 -- /opt/homebrew/Caskroom/miniforge/base/envs/v3/bin/python3
cachedir: .pytest_cache
rootdir: /Users/pyw/new/MyRecall
configfile: pytest.ini
plugins: anyio-4.12.1
collecting ... collected 18 items

tests/test_phase2_quality.py::TestComputeWER::test_identical_strings PASSED [  5%]
tests/test_phase2_quality.py::TestComputeWER::test_one_substitution PASSED [ 11%]
tests/test_phase2_quality.py::TestComputeWER::test_completely_wrong PASSED [ 16%]
tests/test_phase2_quality.py::TestComputeWER::test_empty_both PASSED     [ 22%]
tests/test_phase2_quality.py::TestComputeWER::test_empty_reference PASSED [ 27%]
tests/test_phase2_quality.py::TestComputeWER::test_empty_hypothesis PASSED [ 33%]
tests/test_phase2_quality.py::TestComputeWER::test_insertion PASSED      [ 38%]
tests/test_phase2_quality.py::TestComputeWER::test_deletion PASSED       [ 44%]
tests/test_phase2_quality.py::TestComputeWER::test_case_insensitive PASSED [ 50%]
tests/test_phase2_quality.py::TestComputeWER::test_longer_sentence PASSED [ 55%]
tests/test_phase2_quality.py::TestGate2Q01WERClean::test_wer_clean_with_mock_whisper PASSED [ 61%]
tests/test_phase2_quality.py::TestGate2Q01WERClean::test_wer_clean_realistic_error PASSED [ 66%]
tests/test_phase2_quality.py::TestGate2Q01WERClean::test_wer_clean_with_minor_errors PASSED [ 72%]
tests/test_phase2_quality.py::TestGate2Q01WERClean::test_real_wer_clean_speech SKIPPED [ 77%]
tests/test_phase2_quality.py::TestGate2Q02WERNoisy::test_wer_noisy_with_mock_whisper PASSED [ 83%]
tests/test_phase2_quality.py::TestGate2Q02WERNoisy::test_wer_noisy_realistic_errors PASSED [ 88%]
tests/test_phase2_quality.py::TestGate2Q02WERNoisy::test_wer_noisy_boundary_case PASSED [ 94%]
tests/test_phase2_quality.py::TestGate2Q02WERNoisy::test_real_wer_noisy_speech SKIPPED [100%]

=============================== warnings summary ===============================
tests/test_phase2_quality.py:184
  /Users/pyw/new/MyRecall/tests/test_phase2_quality.py:184: PytestUnknownMarkWarning: Unknown pytest.mark.slow - is this a typo?  You can register custom marks to avoid this warning - for details, see https://docs.pytest.org/en/stable/how-to/mark.html
    @pytest.mark.slow

tests/test_phase2_quality.py:257
  /Users/pyw/new/MyRecall/tests/test_phase2_quality.py:257: PytestUnknownMarkWarning: Unknown pytest.mark.slow - is this a typo?  You can register custom marks to avoid this warning - for details, see https://docs.pytest.org/en/stable/how-to/mark.html
    @pytest.mark.slow

-- Docs: https://docs.pytest.org/en/stable/how-to/capture-warnings.html
=========================== short test summary info ============================
SKIPPED [1] tests/test_phase2_quality.py:184: Requires faster-whisper model and LibriSpeech test-clean dataset
SKIPPED [1] tests/test_phase2_quality.py:257: Requires faster-whisper model and real noisy meeting recordings
================== 16 passed, 2 skipped, 2 warnings in 0.20s ===================

