============================= test session starts ==============================
platform darwin -- Python 3.11.14, pytest-9.0.2, pluggy-1.6.0 -- /opt/homebrew/Caskroom/miniforge/base/envs/v3/bin/python3
cachedir: .pytest_cache
rootdir: /Users/pyw/new/MyRecall
configfile: pytest.ini
plugins: anyio-4.12.1
collecting ... collected 520 items / 22 deselected / 498 selected

tests/test_ai_provider_openai_embedding_ocr.py::test_openai_embedding_provider_builds_embeddings_request PASSED [  0%]
tests/test_ai_provider_openai_embedding_ocr.py::test_openai_ocr_provider_builds_chat_completions_request PASSED [  0%]
tests/test_api_config_validation.py::test_get_config_includes_client_online PASSED [  0%]
tests/test_api_config_validation.py::test_update_config_rejects_unknown_field PASSED [  0%]
tests/test_api_config_validation.py::test_update_config_rejects_non_boolean PASSED [  1%]
tests/test_nlp.py::test_cosine_similarity_identical_vectors PASSED       [  1%]
tests/test_nlp.py::test_cosine_similarity_orthogonal_vectors PASSED      [  1%]
tests/test_nlp.py::test_cosine_similarity_opposite_vectors PASSED        [  1%]
tests/test_nlp.py::test_cosine_similarity_non_unit_vectors PASSED        [  1%]
tests/test_nlp.py::test_cosine_similarity_arbitrary_vectors PASSED       [  2%]
tests/test_nlp.py::test_cosine_similarity_zero_vector PASSED             [  2%]
tests/test_nlp_engine_mocked.py::test_nlp_engine_encode_empty_text_returns_zero PASSED [  2%]
tests/test_nlp_engine_mocked.py::test_nlp_engine_encode_success PASSED   [  2%]
tests/test_nlp_engine_mocked.py::test_nlp_engine_encode_exception_returns_zero PASSED [  2%]
tests/test_nlp_engine_mocked.py::test_get_nlp_engine_caches_instance PASSED [  3%]
tests/test_nlp_engine_mocked.py::test_get_embedding_uses_singleton PASSED [  3%]
tests/test_phase0_api_v1.py::TestV1Health::test_v1_health PASSED         [  3%]
tests/test_phase0_api_v1.py::TestV1Health::test_legacy_health PASSED     [  3%]
tests/test_phase0_api_v1.py::TestV1MemoriesRecent::test_paginated_envelope PASSED [  3%]
tests/test_phase0_api_v1.py::TestV1MemoriesRecent::test_default_pagination PASSED [  4%]
tests/test_phase0_api_v1.py::TestV1MemoriesLatest::test_paginated_envelope PASSED [  4%]
tests/test_phase0_api_v1.py::TestV1MemoriesLatest::test_invalid_since PASSED [  4%]
tests/test_phase0_api_v1.py::TestV1Search::test_search_paginated PASSED  [  4%]
tests/test_phase0_api_v1.py::TestV1Search::test_empty_query PASSED       [  4%]
tests/test_phase0_api_v1.py::TestV1Upload::test_upload PASSED            [  5%]
tests/test_phase0_api_v1.py::TestV1Upload::test_upload_no_file PASSED    [  5%]
tests/test_phase0_api_v1.py::TestV1Config::test_get_config PASSED        [  5%]
tests/test_phase0_api_v1.py::TestV1Config::test_post_config PASSED       [  5%]
tests/test_phase0_api_v1.py::TestV1Heartbeat::test_heartbeat PASSED      [  5%]
tests/test_phase0_api_v1.py::TestV1QueueStatus::test_queue_status PASSED [  6%]
tests/test_phase0_api_v1.py::TestAuthDecorator::test_all_v1_routes_have_auth PASSED [  6%]
tests/test_phase0_backward_compat.py::TestFullV2Pipeline::test_upload_query_after_migration PASSED [  6%]
tests/test_phase0_backward_compat.py::TestLegacyApiUntouched::test_all_legacy_endpoints PASSED [  6%]
tests/test_phase0_backward_compat.py::TestV1AndLegacyCoexist::test_both_health_endpoints PASSED [  6%]
tests/test_phase0_backward_compat.py::TestQueryOverhead::test_query_overhead_under_10ms PASSED [  7%]
tests/test_phase0_config_matrix.py::TestDeploymentMode::test_local_defaults PASSED [  7%]
tests/test_phase0_config_matrix.py::TestDeploymentMode::test_no_mode_defaults_to_local PASSED [  7%]
tests/test_phase0_config_matrix.py::TestDeploymentMode::test_deployment_mode_set_via_env PASSED [  7%]
tests/test_phase0_config_matrix.py::TestConfigPresets::test_get_preset_local PASSED [  7%]
tests/test_phase0_config_matrix.py::TestConfigPresets::test_get_preset_debian_server PASSED [  8%]
tests/test_phase0_config_matrix.py::TestConfigPresets::test_get_preset_debian_client PASSED [  8%]
tests/test_phase0_config_matrix.py::TestConfigPresets::test_get_preset_remote PASSED [  8%]
tests/test_phase0_config_matrix.py::TestConfigPresets::test_invalid_mode_raises PASSED [  8%]
tests/test_phase0_config_matrix.py::TestConfigPresets::test_all_four_modes_defined PASSED [  8%]
tests/test_phase0_config_matrix.py::TestEnvTemplates::test_all_env_files_exist PASSED [  9%]
tests/test_phase0_config_matrix.py::TestEnvTemplates::test_env_files_contain_deployment_mode PASSED [  9%]
tests/test_phase0_config_matrix.py::TestEnvTemplates::test_debian_server_binds_all PASSED [  9%]
tests/test_phase0_gates.py::TestGateF01SchemaМigrationSuccess::test_gate_F01_schema_migration_success PASSED [  9%]
tests/test_phase0_gates.py::TestGateF02BackwardCompatibility::test_gate_F02_backward_compatibility PASSED [  9%]
tests/test_phase0_gates.py::TestGateF03ApiVersioning::test_gate_F03_api_versioning PASSED [ 10%]
tests/test_phase0_gates.py::TestGateF04ConfigurationMatrix::test_gate_F04_configuration_matrix PASSED [ 10%]
tests/test_phase0_gates.py::TestGateP01MigrationLatency::test_gate_P01_migration_latency PASSED [ 10%]
tests/test_phase0_gates.py::TestGateP02QueryOverhead::test_gate_P02_query_overhead PASSED [ 10%]
tests/test_phase0_gates.py::TestGateS01DataIntegrity::test_gate_S01_data_integrity PASSED [ 10%]
tests/test_phase0_gates.py::TestGateS02RollbackSuccess::test_gate_S02_rollback_success PASSED [ 11%]
tests/test_phase0_gates.py::TestGateR01MigrationMemory::test_gate_R01_migration_memory PASSED [ 11%]
tests/test_phase0_gates.py::TestGateR02SchemaOverhead::test_gate_R02_schema_overhead PASSED [ 11%]
tests/test_phase0_gates.py::TestGateDG01PiiClassificationPolicy::test_gate_DG01_pii_classification_policy PASSED [ 11%]
tests/test_phase0_gates.py::TestGateDG02EncryptionSchema::test_gate_DG02_encryption_schema PASSED [ 11%]
tests/test_phase0_gates.py::TestGateDG03RetentionPolicy::test_gate_DG03_retention_policy PASSED [ 12%]
tests/test_phase0_gates.py::TestGateDG04AuthPlaceholder::test_gate_DG04_auth_placeholder PASSED [ 12%]
tests/test_phase0_gates.py::TestGateUQ01BufferCapacity::test_gate_UQ01_buffer_capacity PASSED [ 12%]
tests/test_phase0_gates.py::TestGateUQ02TTLCleanup::test_gate_UQ02_ttl_cleanup PASSED [ 12%]
tests/test_phase0_gates.py::TestGateUQ03FifoDeletion::test_gate_UQ03_fifo_deletion PASSED [ 12%]
tests/test_phase0_gates.py::TestGateUQ04PostUploadDeletion::test_gate_UQ04_post_upload_deletion PASSED [ 13%]
tests/test_phase0_gates.py::TestGateUQ05RetryBackoff::test_gate_UQ05_retry_backoff PASSED [ 13%]
tests/test_phase0_migration.py::TestMigrationForward::test_migration_creates_all_tables PASSED [ 13%]
tests/test_phase0_migration.py::TestMigrationForward::test_migration_idempotent PASSED [ 13%]
tests/test_phase0_migration.py::TestMigrationForward::test_migration_preserves_entries PASSED [ 13%]
tests/test_phase0_migration.py::TestMigrationForward::test_migration_performance_10k PASSED [ 14%]
tests/test_phase0_migration.py::TestMigrationForward::test_migration_memory_under_500mb PASSED [ 14%]
tests/test_phase0_migration.py::TestMigrationForward::test_schema_overhead_under_10mb PASSED [ 14%]
tests/test_phase0_migration.py::TestGovernanceColumns::test_governance_columns_exist PASSED [ 14%]
tests/test_phase0_migration.py::TestGovernanceColumns::test_encryption_columns_exist PASSED [ 14%]
tests/test_phase0_migration.py::TestGovernanceColumns::test_created_at_backfill PASSED [ 15%]
tests/test_phase0_migration.py::TestRollback::test_rollback_restores_original PASSED [ 15%]
tests/test_phase0_migration.py::TestRollback::test_rollback_preserves_entry_count PASSED [ 15%]
tests/test_phase0_migration.py::TestRollback::test_rollback_removes_governance_columns PASSED [ 15%]
tests/test_phase0_migration.py::TestRollback::test_rollback_completes_under_2min PASSED [ 15%]
tests/test_phase0_migration.py::TestIntegrity::test_data_integrity_checksum PASSED [ 16%]
tests/test_phase0_migration.py::TestIntegrity::test_checksum_deterministic PASSED [ 16%]
tests/test_phase0_models.py::TestVideoChunk::test_creation_with_defaults PASSED [ 16%]
tests/test_phase0_models.py::TestVideoChunk::test_creation_with_all_fields PASSED [ 16%]
tests/test_phase0_models.py::TestFrame::test_creation_with_required_fields PASSED [ 16%]
tests/test_phase0_models.py::TestFrame::test_creation_with_all_fields PASSED [ 17%]
tests/test_phase0_models.py::TestOcrText::test_creation PASSED           [ 17%]
tests/test_phase0_models.py::TestOcrText::test_with_optional_fields PASSED [ 17%]
tests/test_phase0_models.py::TestAudioChunk::test_creation_with_defaults PASSED [ 17%]
tests/test_phase0_models.py::TestAudioChunk::test_creation_with_all_fields PASSED [ 17%]
tests/test_phase0_models.py::TestAudioTranscription::test_nullable_speaker_id PASSED [ 18%]
tests/test_phase0_models.py::TestAudioTranscription::test_with_speaker_id PASSED [ 18%]
tests/test_phase0_models.py::TestPaginatedResponse::test_generic_with_video_chunk PASSED [ 18%]
tests/test_phase0_models.py::TestPaginatedResponse::test_has_more_false PASSED [ 18%]
tests/test_phase0_models.py::TestPaginatedResponse::test_serialization PASSED [ 18%]
tests/test_phase0_models.py::TestRecallEntryUnchanged::test_recall_entry_still_works PASSED [ 19%]
tests/test_phase0_upload_queue.py::TestCapacityEnforcement::test_capacity_enforcement_fifo PASSED [ 19%]
tests/test_phase0_upload_queue.py::TestCapacityEnforcement::test_fifo_deletion_order PASSED [ 19%]
tests/test_phase0_upload_queue.py::TestTTLCleanup::test_ttl_cleanup_7_days PASSED [ 19%]
tests/test_phase0_upload_queue.py::TestPostUploadDeletion::test_post_upload_deletion_timing PASSED [ 19%]
tests/test_phase0_upload_queue.py::TestExponentialBackoff::test_backoff_schedule PASSED [ 20%]
tests/test_phase0_upload_queue.py::TestExponentialBackoff::test_backoff_caps_at_max PASSED [ 20%]
tests/test_phase0_upload_queue.py::TestExponentialBackoff::test_consumer_uses_adr0002_backoff PASSED [ 20%]
tests/test_phase1_5_focused_browser_url.py::TestInsertFrameFocusedBrowserUrl::test_insert_frame_focused_true_stores_1 PASSED [ 20%]
tests/test_phase1_5_focused_browser_url.py::TestInsertFrameFocusedBrowserUrl::test_insert_frame_focused_none_stores_null PASSED [ 20%]
tests/test_phase1_5_focused_browser_url.py::TestInsertFrameFocusedBrowserUrl::test_insert_frame_browser_url_stored PASSED [ 21%]
tests/test_phase1_5_focused_browser_url.py::TestInsertFrameFocusedBrowserUrl::test_insert_frame_browser_url_none_stores_null PASSED [ 21%]
tests/test_phase1_5_focused_browser_url.py::TestQueryReturnsFocusedBrowserUrl::test_query_frames_returns_focused_browser_url PASSED [ 21%]
tests/test_phase1_5_focused_browser_url.py::TestQueryReturnsFocusedBrowserUrl::test_query_frames_normalizes_null_focused PASSED [ 21%]
tests/test_phase1_5_focused_browser_url.py::TestQueryReturnsFocusedBrowserUrl::test_search_video_fts_returns_focused_browser_url PASSED [ 21%]
tests/test_phase1_5_focused_browser_url.py::TestTimelineAPIFocusedBrowserUrl::test_timeline_response_includes_focused_and_browser_url PASSED [ 22%]
tests/test_phase1_5_focused_browser_url.py::TestSearchAPIFocusedBrowserUrlCompatibility::test_search_video_result_includes_focused_browser_url PASSED [ 22%]
tests/test_phase1_5_focused_browser_url.py::TestSearchAPIFocusedBrowserUrlCompatibility::test_search_snapshot_result_keeps_old_shape_plus_null_optionals PASSED [ 22%]
tests/test_phase1_5_metadata_resolver.py::TestResolveFrameMetadata::test_frame_level_beats_chunk_level_app_name PASSED [ 22%]
tests/test_phase1_5_metadata_resolver.py::TestResolveFrameMetadata::test_frame_level_beats_chunk_level_window_name PASSED [ 22%]
tests/test_phase1_5_metadata_resolver.py::TestResolveFrameMetadata::test_chunk_level_used_when_frame_level_empty PASSED [ 23%]
tests/test_phase1_5_metadata_resolver.py::TestResolveFrameMetadata::test_returns_none_when_both_empty PASSED [ 23%]
tests/test_phase1_5_metadata_resolver.py::TestResolveFrameMetadata::test_empty_string_treated_as_missing PASSED [ 23%]
tests/test_phase1_5_metadata_resolver.py::TestResolveFrameMetadata::test_focused_none_when_not_provided PASSED [ 23%]
tests/test_phase1_5_metadata_resolver.py::TestResolveFrameMetadata::test_focused_true_false_from_bool_and_int PASSED [ 23%]
tests/test_phase1_5_metadata_resolver.py::TestResolveFrameMetadata::test_focused_chunk_fallback_when_frame_missing PASSED [ 24%]
tests/test_phase1_5_metadata_resolver.py::TestResolveFrameMetadata::test_browser_url_frame_then_chunk_fallback PASSED [ 24%]
tests/test_phase1_5_metadata_resolver.py::TestResolveFrameMetadata::test_source_field_correct PASSED [ 24%]
tests/test_phase1_5_metadata_resolver.py::TestResolveFrameMetadata::test_both_inputs_none_returns_all_none PASSED [ 24%]
tests/test_phase1_5_metadata_resolver.py::TestResolveFrameMetadata::test_whitespace_only_strings_treated_as_missing PASSED [ 24%]
tests/test_phase1_5_ocr_engine.py::TestOCREngineName::test_mock_ocr_engine_name_stored PASSED [ 25%]
tests/test_phase1_5_ocr_engine.py::TestOCREngineName::test_fallback_ocr_provider_engine_name PASSED [ 25%]
tests/test_phase1_5_ocr_engine.py::TestOCREngineName::test_provider_without_engine_name_stores_unknown PASSED [ 25%]
tests/test_phase1_5_offset_guard.py::TestOffsetGuard::test_negative_offset_rejected PASSED [ 25%]
tests/test_phase1_5_offset_guard.py::TestOffsetGuard::test_offset_zero_accepted PASSED [ 25%]
tests/test_phase1_5_offset_guard.py::TestOffsetGuard::test_timestamp_before_chunk_start_rejected PASSED [ 26%]
tests/test_phase1_5_offset_guard.py::TestOffsetGuard::test_timestamp_after_chunk_end_rejected PASSED [ 26%]
tests/test_phase1_5_offset_guard.py::TestOffsetGuard::test_non_monotonic_offset_rejected PASSED [ 26%]
tests/test_phase1_5_offset_guard.py::TestOffsetGuard::test_valid_sequential_offsets_accepted PASSED [ 26%]
tests/test_phase1_5_offset_guard.py::TestOffsetGuard::test_missing_required_fields_rejected PASSED [ 26%]
tests/test_phase1_5_offset_guard.py::TestOffsetGuard::test_offset_guard_structured_log PASSED [ 27%]
tests/test_phase1_buffer_pool.py::test_pool_allocates_initial_capacity PASSED [ 27%]
tests/test_phase1_buffer_pool.py::test_pool_expands_to_power_of_two PASSED [ 27%]
tests/test_phase1_buffer_pool.py::test_pool_uses_temporary_buffer_when_above_limit PASSED [ 27%]
tests/test_phase1_degradation.py::TestFFmpegCrashRecovery::test_restart_count_increments PASSED [ 27%]
tests/test_phase1_degradation.py::TestFFmpegCrashRecovery::test_restart_count_resets_after_hour PASSED [ 28%]
tests/test_phase1_degradation.py::TestFFmpegCrashRecovery::test_restart_count_last_hour_property PASSED [ 28%]
tests/test_phase1_degradation.py::TestFFmpegCrashRecovery::test_restart_count_last_hour_current_window PASSED [ 28%]
tests/test_phase1_degradation.py::TestFFmpegCrashRecovery::test_watchdog_detects_crash PASSED [ 28%]
tests/test_phase1_degradation.py::TestDiskFullDegradation::test_check_disk_full_normal PASSED [ 28%]
tests/test_phase1_degradation.py::TestDiskFullDegradation::test_check_disk_full_simulated PASSED [ 29%]
tests/test_phase1_degradation.py::TestDiskFullDegradation::test_disk_full_flag_transitions PASSED [ 29%]
tests/test_phase1_degradation.py::TestDualModeRecording::test_screenshot_mode PASSED [ 29%]
tests/test_phase1_degradation.py::TestDualModeRecording::test_video_mode PASSED [ 29%]
tests/test_phase1_degradation.py::TestDualModeRecording::test_auto_mode_fallback PASSED [ 29%]
tests/test_phase1_degradation.py::TestUploadResume::test_upload_video_chunk_file_not_found PASSED [ 30%]
tests/test_phase1_degradation.py::TestUploadResume::test_upload_video_chunk_already_completed PASSED [ 30%]
tests/test_phase1_frame_extractor.py::TestFrameExtractorExtraction::test_extract_frames_returns_list PASSED [ 30%]
tests/test_phase1_frame_extractor.py::TestFrameExtractorExtraction::test_extracted_frames_have_correct_attributes PASSED [ 30%]
tests/test_phase1_frame_extractor.py::TestFrameExtractorExtraction::test_frame_timestamps_are_sequential PASSED [ 30%]
tests/test_phase1_frame_extractor.py::TestFrameExtractorExtraction::test_frame_pngs_are_valid_images PASSED [ 31%]
tests/test_phase1_frame_extractor.py::TestFrameExtractorDedup::test_dedup_with_static_video PASSED [ 31%]
tests/test_phase1_frame_extractor.py::TestFrameExtractorDedup::test_dedup_threshold_high_keeps_all PASSED [ 31%]
tests/test_phase1_frame_extractor.py::TestFrameExtractorDedup::test_changing_video_keeps_more_frames PASSED [ 31%]
tests/test_phase1_frame_extractor.py::TestFrameExtractorFFmpeg::test_run_ffmpeg_extraction PASSED [ 31%]
tests/test_phase1_frame_extractor.py::TestFrameExtractorFFmpeg::test_run_ffmpeg_invalid_path PASSED [ 32%]
tests/test_phase1_frame_extractor.py::TestFrameExtractorSingleFrame::test_extract_single_frame PASSED [ 32%]
tests/test_phase1_frame_extractor.py::TestFrameExtractorSingleFrame::test_extract_single_frame_at_zero PASSED [ 32%]
tests/test_phase1_frame_extractor.py::TestFrameExtractorSingleFrame::test_extract_single_frame_invalid_path PASSED [ 32%]
tests/test_phase1_frame_extractor.py::TestFrameExtractorPerformance::test_extraction_latency PASSED [ 32%]
tests/test_phase1_gates.py::TestGate1F01Recording::test_ffmpeg_command_builds PASSED [ 33%]
tests/test_phase1_gates.py::TestGate1F01Recording::test_video_recorder_chunk_metadata PASSED [ 33%]
tests/test_phase1_gates.py::TestGate1F02FramesInDB::test_frames_inserted_after_processing PASSED [ 33%]
tests/test_phase1_gates.py::TestGate1F03OCRInFTS::test_ocr_text_in_fts PASSED [ 33%]
tests/test_phase1_gates.py::TestGate1F04TimelineAPI::test_timeline_query PASSED [ 33%]
tests/test_phase1_gates.py::TestGate1F05SearchReturnsVideo::test_video_fts_search_returns_results PASSED [ 34%]
tests/test_phase1_gates.py::TestGate1P01ExtractionLatency::test_extraction_performance PASSED [ 34%]
tests/test_phase1_gates.py::TestGate1D01CrashRestart::test_restart_mechanism PASSED [ 34%]
tests/test_phase1_gates.py::TestGate1D02DiskFull::test_disk_full_detection PASSED [ 34%]
tests/test_phase1_gates.py::TestGate1D04NetworkDown::test_upload_failure_returns_false PASSED [ 34%]
tests/test_phase1_gates.py::TestGate1DG01FilesystemEncryption::test_filevault_status_check PASSED [ 35%]
tests/test_phase1_gates.py::TestGate1DG02AutoDelete::test_expired_chunks_detected PASSED [ 35%]
tests/test_phase1_gates.py::TestGate1DG02AutoDelete::test_cascade_delete_works PASSED [ 35%]
tests/test_phase1_gates.py::TestGate1S01Stability::test_7_day_stability SKIPPED [ 35%]
tests/test_phase1_gates.py::TestGate1S02UploadSuccess::test_upload_success_rate SKIPPED [ 35%]
tests/test_phase1_gates.py::TestGate1R01DiskUsage::test_disk_usage SKIPPED [ 36%]
tests/test_phase1_gates.py::TestGate1R02MemoryUsage::test_memory_usage SKIPPED [ 36%]
tests/test_phase1_gates.py::TestGate1P02E2ELatency::test_e2e_latency SKIPPED [ 36%]
tests/test_phase1_gates.py::TestGate1P03CPUOverhead::test_cpu_overhead SKIPPED [ 36%]
tests/test_phase1_gates.py::TestGate1Q01OCRAccuracy::test_ocr_accuracy SKIPPED [ 36%]
tests/test_phase1_gates.py::TestGate1Q02DedupAccuracy::test_dedup_accuracy PASSED [ 37%]
tests/test_phase1_gates.py::TestGate1DG03PIIDetection::test_pii_detection SKIPPED [ 37%]
tests/test_phase1_monitor_metadata_migration.py::test_migration_adds_monitor_columns PASSED [ 37%]
tests/test_phase1_monitor_metadata_migration.py::test_insert_video_chunk_persists_monitor_metadata PASSED [ 37%]
tests/test_phase1_monitor_metadata_migration.py::test_sql_store_init_auto_applies_video_migrations PASSED [ 37%]
tests/test_phase1_monitor_upload_api.py::test_upload_status_accepts_sha256_prefix PASSED [ 38%]
tests/test_phase1_monitor_upload_api.py::test_legacy_upload_status_accepts_sha256_prefix PASSED [ 38%]
tests/test_phase1_monitor_upload_api.py::test_video_upload_persists_monitor_metadata PASSED [ 38%]
tests/test_phase1_monitor_upload_api.py::test_legacy_upload_routes_video_chunk_to_video_table PASSED [ 38%]
tests/test_phase1_monitor_upload_api.py::test_legacy_video_upload_works_without_manual_migration PASSED [ 38%]
tests/test_phase1_ocr_pipeline.py::TestOCRTextInsertion::test_insert_ocr_text PASSED [ 39%]
tests/test_phase1_ocr_pipeline.py::TestOCRTextInsertion::test_insert_ocr_text_with_engine PASSED [ 39%]
tests/test_phase1_ocr_pipeline.py::TestOCRFTSInsertion::test_insert_ocr_text_fts PASSED [ 39%]
tests/test_phase1_ocr_pipeline.py::TestOCRFTSInsertion::test_fts_search_matches PASSED [ 39%]
tests/test_phase1_ocr_pipeline.py::TestOCRFTSInsertion::test_fts_search_no_match PASSED [ 39%]
tests/test_phase1_ocr_pipeline.py::TestOCRFTSInsertion::test_fts_multiple_frames PASSED [ 40%]
tests/test_phase1_ocr_pipeline.py::TestVideoChunkProcessor::test_processor_with_mock_ocr PASSED [ 40%]
tests/test_phase1_ocr_pipeline.py::TestVideoChunkProcessor::test_processor_handles_ocr_failure PASSED [ 40%]
tests/test_phase1_ocr_pipeline.py::TestVideoChunkProcessor::test_processor_propagates_chunk_app_window_to_frames_and_fts PASSED [ 40%]
tests/test_phase1_pipeline_profile_change.py::test_profile_change_triggers_reconfigure_once PASSED [ 40%]
tests/test_phase1_pipeline_profile_change.py::test_generation_mismatch_frame_is_dropped PASSED [ 41%]
tests/test_phase1_pipeline_profile_change.py::test_keepalive_writes_last_frame_when_source_quiet PASSED [ 41%]
tests/test_phase1_pipeline_profile_change.py::test_keepalive_respects_interval PASSED [ 41%]
tests/test_phase1_retention.py::TestRetentionQueries::test_get_expired_video_chunks PASSED [ 41%]
tests/test_phase1_retention.py::TestRetentionQueries::test_non_expired_chunks_not_returned PASSED [ 41%]
tests/test_phase1_retention.py::TestRetentionQueries::test_chunks_expired_over_30_days_are_returned PASSED [ 42%]
tests/test_phase1_retention.py::TestRetentionQueries::test_chunks_expiring_in_30_days_are_not_returned PASSED [ 42%]
tests/test_phase1_retention.py::TestRetentionQueries::test_pending_expired_chunks_not_returned PASSED [ 42%]
tests/test_phase1_retention.py::TestCascadeDelete::test_delete_video_chunk_cascade PASSED [ 42%]
tests/test_phase1_retention.py::TestCascadeDelete::test_fts_cleaned_on_cascade PASSED [ 42%]
tests/test_phase1_retention.py::TestRetentionWorker::test_cleanup_expired_video_chunks PASSED [ 43%]
tests/test_phase1_retention.py::TestRetentionWorker::test_cleanup_31_day_expired_chunk_deletes_all_related_data PASSED [ 43%]
tests/test_phase1_retention.py::TestRetentionWorker::test_retention_worker_stop PASSED [ 43%]
tests/test_phase1_sck_stride_unpadding.py::test_pack_nv12_planes_removes_padding PASSED [ 43%]
tests/test_phase1_sck_stride_unpadding.py::test_pack_bgra_plane_removes_padding PASSED [ 43%]
tests/test_phase1_search_debug_render.py::test_search_debug_handles_video_frame_only_rows PASSED [ 44%]
tests/test_phase1_search_debug_render.py::test_search_impl_debug_logging_handles_video_only_candidates PASSED [ 44%]
tests/test_phase1_search_integration.py::TestVideoFTSSearch::test_search_returns_matching_frames PASSED [ 44%]
tests/test_phase1_search_integration.py::TestVideoFTSSearch::test_search_returns_metadata PASSED [ 44%]
tests/test_phase1_search_integration.py::TestVideoFTSSearch::test_search_respects_limit PASSED [ 44%]
tests/test_phase1_search_integration.py::TestSQLStoreVideoMethods::test_insert_and_get_video_chunk PASSED [ 45%]
tests/test_phase1_search_integration.py::TestSQLStoreVideoMethods::test_video_chunk_status_transitions PASSED [ 45%]
tests/test_phase1_search_integration.py::TestSQLStoreVideoMethods::test_video_chunk_failed_status PASSED [ 45%]
tests/test_phase1_search_integration.py::TestSQLStoreVideoMethods::test_get_next_pending_fifo PASSED [ 45%]
tests/test_phase1_search_integration.py::TestSQLStoreVideoMethods::test_reset_stuck_video_chunks PASSED [ 45%]
tests/test_phase1_search_integration.py::TestSQLStoreVideoMethods::test_insert_and_get_frame PASSED [ 46%]
tests/test_phase1_search_integration.py::TestSQLStoreVideoMethods::test_query_frames_by_time_range PASSED [ 46%]
tests/test_phase1_search_integration.py::TestSQLStoreVideoMethods::test_insert_frames_batch PASSED [ 46%]
tests/test_phase1_server_startup.py::test_server_main_starts_background_worker PASSED [ 46%]
tests/test_phase1_server_startup.py::test_server_main_starts_video_worker PASSED [ 46%]
tests/test_phase1_server_startup.py::test_server_preload_ai_models_includes_ocr_warmup PASSED [ 47%]
tests/test_phase1_timeline_api.py::TestTimelineAPI::test_timeline_returns_paginated_response PASSED [ 47%]
tests/test_phase1_timeline_api.py::TestTimelineAPI::test_timeline_time_range_filter PASSED [ 47%]
tests/test_phase1_timeline_api.py::TestTimelineAPI::test_timeline_pagination PASSED [ 47%]
tests/test_phase1_timeline_api.py::TestTimelineAPI::test_timeline_frame_urls PASSED [ 47%]
tests/test_phase1_timeline_api.py::TestTimelineAPI::test_timeline_empty_range PASSED [ 48%]
tests/test_phase1_timeline_api.py::TestTimelineAPI::test_timeline_accepts_page_and_page_size PASSED [ 48%]
tests/test_phase1_timeline_api.py::TestTimelineAPI::test_timeline_limit_offset_take_precedence_over_page_aliases PASSED [ 48%]
tests/test_phase1_timeline_api.py::TestTimelineAPI::test_legacy_timeline_page_uses_frame_urls PASSED [ 48%]
tests/test_phase1_timeline_api.py::TestTimelineAPI::test_legacy_memories_recent_returns_frame_image_url PASSED [ 48%]
tests/test_phase1_timeline_api.py::TestTimelineAPI::test_legacy_queue_status_includes_video_counts PASSED [ 49%]
tests/test_phase1_timeline_api.py::TestFrameServingAPI::test_serve_existing_frame PASSED [ 49%]
tests/test_phase1_timeline_api.py::TestFrameServingAPI::test_serve_nonexistent_frame PASSED [ 49%]
tests/test_phase1_timeline_api.py::TestVideoUploadAPI::test_upload_video_chunk PASSED [ 49%]
tests/test_phase1_timeline_api.py::TestVideoUploadAPI::test_upload_screenshot_still_works PASSED [ 50%]
tests/test_phase1_timeline_api.py::TestUploadStatusAPI::test_upload_status_not_found PASSED [ 50%]
tests/test_phase1_timeline_api.py::TestUploadStatusAPI::test_upload_status_missing_checksum PASSED [ 50%]
tests/test_phase1_timeline_api.py::TestSearchPaginationCompatibility::test_search_accepts_page_and_page_size_when_query_empty PASSED [ 50%]
tests/test_phase1_timeline_api.py::TestSearchPaginationCompatibility::test_search_limit_offset_take_precedence_when_both_styles_provided PASSED [ 50%]
tests/test_phase1_video_recorder.py::TestFFmpegManagerCommand::test_build_command_has_required_flags PASSED [ 51%]
tests/test_phase1_video_recorder.py::TestFFmpegManagerCommand::test_build_command_platform_specific PASSED [ 51%]
tests/test_phase1_video_recorder.py::TestFFmpegManagerCommand::test_build_command_darwin_detects_screen_index PASSED [ 51%]
tests/test_phase1_video_recorder.py::TestFFmpegManagerCommand::test_build_command_darwin_honors_device_override PASSED [ 51%]
tests/test_phase1_video_recorder.py::TestFFmpegManagerCommand::test_build_command_darwin_fallbacks_to_screen_name PASSED [ 51%]
tests/test_phase1_video_recorder.py::TestFFmpegManagerCommand::test_build_command_includes_segment_list PASSED [ 52%]
tests/test_phase1_video_recorder.py::TestFFmpegManagerCommand::test_build_command_uses_monitor_timestamp_pattern PASSED [ 52%]
tests/test_phase1_video_recorder.py::TestFFmpegManagerCommand::test_custom_resolution_adds_scale_filter PASSED [ 52%]
tests/test_phase1_video_recorder.py::TestFFmpegManagerLifecycle::test_check_ffmpeg_available PASSED [ 52%]
tests/test_phase1_video_recorder.py::TestFFmpegManagerLifecycle::test_start_creates_process PASSED [ 52%]
tests/test_phase1_video_recorder.py::TestFFmpegManagerLifecycle::test_stop_terminates_process PASSED [ 53%]
tests/test_phase1_video_recorder.py::TestFFmpegManagerLifecycle::test_stop_skips_stdin_close_when_write_lock_held PASSED [ 53%]
tests/test_phase1_video_recorder.py::TestFFmpegManagerLifecycle::test_restart_increments_counter PASSED [ 53%]
tests/test_phase1_video_recorder.py::TestFFmpegManagerLifecycle::test_restart_count_resets_after_hour PASSED [ 53%]
tests/test_phase1_video_recorder.py::TestFFmpegManagerLifecycle::test_restart_count_last_hour_property PASSED [ 53%]
tests/test_phase1_video_recorder.py::TestFFmpegManagerLifecycle::test_restart_count_last_hour_current PASSED [ 54%]
tests/test_phase1_video_recorder.py::TestFFmpegManagerLifecycle::test_start_raises_without_ffmpeg PASSED [ 54%]
tests/test_phase1_video_recorder.py::TestFFmpegRawVideoProfile::test_start_with_profile_builds_rawvideo_input PASSED [ 54%]
tests/test_phase1_video_recorder.py::TestFFmpegRawVideoProfile::test_reconfigure_restarts_on_profile_change PASSED [ 54%]
tests/test_phase1_video_recorder.py::TestFFmpegRawVideoProfile::test_build_rawvideo_command_chunk_process_has_single_output PASSED [ 54%]
tests/test_phase1_video_recorder.py::TestFFmpegRawVideoProfile::test_chunk_process_rotates_and_emits_chunk_completion PASSED [ 55%]
tests/test_phase1_video_recorder.py::TestFFmpegRawVideoProfile::test_write_frame_timeout_raises_timeout_error PASSED [ 55%]
tests/test_phase1_video_recorder.py::TestFFmpegSegmentPolling::test_read_segment_list_empty PASSED [ 55%]
tests/test_phase1_video_recorder.py::TestFFmpegSegmentPolling::test_read_segment_list_csv PASSED [ 55%]
tests/test_phase1_video_recorder.py::TestFFmpegSegmentPolling::test_poll_segments_detects_new PASSED [ 55%]
tests/test_phase1_video_recorder.py::TestFFmpegSegmentPolling::test_poll_segments_no_duplicate PASSED [ 56%]
tests/test_phase1_video_recorder.py::TestFFmpegSegmentPolling::test_current_chunk_path_uses_last_detected_segment PASSED [ 56%]
tests/test_phase1_video_recorder.py::TestFFmpegSegmentPolling::test_current_chunk_path_falls_back_to_csv_last_existing PASSED [ 56%]
tests/test_phase1_video_recorder.py::TestFFmpegSegmentPolling::test_on_chunk_complete_callback PASSED [ 56%]
tests/test_phase1_video_recorder.py::TestMonitorPipelineController::test_controller_reconfigures_when_ffmpeg_write_times_out PASSED [ 56%]
tests/test_phase1_video_recorder.py::TestMonitorPipelineController::test_logs_chunk_start_once_per_new_active_file PASSED [ 57%]
tests/test_phase1_video_recorder.py::TestMonitorPipelineController::test_logs_chunk_start_is_idempotent_when_detector_flaps PASSED [ 57%]
tests/test_phase1_video_recorder.py::TestVideoRecorder::test_on_chunk_complete_builds_metadata PASSED [ 57%]
tests/test_phase1_video_recorder.py::TestVideoRecorder::test_on_chunk_complete_logs_chunk_end PASSED [ 57%]
tests/test_phase1_video_recorder.py::TestVideoRecorder::test_on_chunk_complete_skips_empty PASSED [ 57%]
tests/test_phase1_video_recorder.py::TestVideoRecorder::test_on_chunk_complete_skips_missing PASSED [ 58%]
tests/test_phase1_video_recorder.py::TestVideoRecorder::test_check_disk_full PASSED [ 58%]
tests/test_phase1_video_recorder.py::TestVideoRecorder::test_compute_checksum PASSED [ 58%]
tests/test_phase1_video_recorder.py::TestVideoRecorder::test_stop_sets_flag PASSED [ 58%]
tests/test_phase1_video_recorder.py::TestVideoRecorder::test_runtime_pause_stops_sources_not_pipelines PASSED [ 58%]
tests/test_phase1_video_recorder.py::TestVideoRecorder::test_runtime_resume_restarts_sources_from_existing_pipelines PASSED [ 59%]
tests/test_phase1_video_recorder.py::TestVideoRecorder::test_periodic_status_logs_current_chunk PASSED [ 59%]
tests/test_phase1_video_recorder.py::TestVideoRecorder::test_periodic_status_prefers_active_chunk_name PASSED [ 59%]
tests/test_phase1_video_recorder.py::TestVideoRecorder::test_watcher_restarts_pipeline_when_chunk_stagnates PASSED [ 59%]
tests/test_phase1_video_recorder.py::TestVideoRecorder::test_watcher_restarts_segment_mode_on_no_chunk_progress PASSED [ 59%]
tests/test_phase1_video_recorder.py::TestVideoRecorder::test_watcher_does_not_restart_chunk_process_on_chunk_name_stagnation PASSED [ 60%]
tests/test_phase2_audio_manager.py::TestListAudioDevices::test_returns_input_devices PASSED [ 60%]
tests/test_phase2_audio_manager.py::TestListAudioDevices::test_returns_empty_on_error PASSED [ 60%]
tests/test_phase2_audio_manager.py::TestAudioManager::test_init_defaults PASSED [ 60%]
tests/test_phase2_audio_manager.py::TestAudioManager::test_is_alive_false_when_not_started PASSED [ 60%]
tests/test_phase2_audio_manager.py::TestAudioManager::test_resolve_device_by_index PASSED [ 61%]
tests/test_phase2_audio_manager.py::TestAudioManager::test_resolve_device_by_name PASSED [ 61%]
tests/test_phase2_audio_manager.py::TestAudioManager::test_resolve_device_not_found PASSED [ 61%]
tests/test_phase2_audio_manager.py::TestAudioManager::test_start_new_chunk_creates_wav PASSED [ 61%]
tests/test_phase2_audio_manager.py::TestAudioManager::test_close_chunk_fires_callback PASSED [ 61%]
tests/test_phase2_audio_manager.py::TestAudioManager::test_close_empty_chunk_removes_file PASSED [ 62%]
tests/test_phase2_audio_manager.py::TestAudioManager::test_audio_callback_writes_frames PASSED [ 62%]
tests/test_phase2_audio_manager.py::TestAudioManager::test_audio_callback_rotates_on_duration PASSED [ 62%]
tests/test_phase2_audio_manager.py::TestAudioManager::test_stop_flushes_chunk PASSED [ 62%]
tests/test_phase2_audio_recorder.py::TestAudioRecorder::test_init_defaults PASSED [ 62%]
tests/test_phase2_audio_recorder.py::TestAudioRecorder::test_is_running_false_when_stopped PASSED [ 63%]
tests/test_phase2_audio_recorder.py::TestAudioRecorder::test_stop_when_not_running PASSED [ 63%]
tests/test_phase2_audio_recorder.py::TestAudioRecorder::test_on_chunk_complete_enqueues_with_metadata PASSED [ 63%]
tests/test_phase2_audio_recorder.py::TestAudioRecorder::test_on_chunk_complete_correct_checksum PASSED [ 63%]
tests/test_phase2_audio_recorder.py::TestAudioRecorder::test_on_chunk_complete_skips_empty_wav PASSED [ 63%]
tests/test_phase2_audio_recorder.py::TestAudioRecorder::test_on_chunk_complete_nonexistent_file PASSED [ 64%]
tests/test_phase2_gates.py::TestGate2F01AudioCapture::test_audio_manager_creates_wav PASSED [ 64%]
tests/test_phase2_gates.py::TestGate2F01AudioCapture::test_audio_manager_device_name_sanitized PASSED [ 64%]
tests/test_phase2_gates.py::TestGate2F02VADFiltering::test_vad_filters_silence PASSED [ 64%]
tests/test_phase2_gates.py::TestGate2F02VADFiltering::test_vad_detects_speech_subset PASSED [ 64%]
tests/test_phase2_gates.py::TestGate2F03WhisperTranscription::test_transcriber_produces_text PASSED [ 65%]
tests/test_phase2_gates.py::TestGate2F03WhisperTranscription::test_transcriber_handles_empty_audio PASSED [ 65%]
tests/test_phase2_gates.py::TestGate2F04AudioFTSIndexed::test_fts_insert_and_match PASSED [ 65%]
tests/test_phase2_gates.py::TestGate2F04AudioFTSIndexed::test_fts_no_results_for_unrelated_query PASSED [ 65%]
tests/test_phase2_gates.py::TestGate2F05UnifiedTimeline::test_timeline_returns_both_types PASSED [ 65%]
tests/test_phase2_gates.py::TestGate2P01TranscriptionLatency::test_transcription_completes_within_budget PASSED [ 66%]
tests/test_phase2_gates.py::TestGate2P02VADLatency::test_vad_completes_within_budget PASSED [ 66%]
tests/test_phase2_gates.py::TestGate2P03Throughput::test_queue_depth_stable PASSED [ 66%]
tests/test_phase2_gates.py::TestGate2P04AudioCaptureCPU::test_callback_based_design PASSED [ 66%]
tests/test_phase2_gates.py::TestGate2Q01WERClean::test_wer_clean_under_threshold PASSED [ 66%]
tests/test_phase2_gates.py::TestGate2Q01WERClean::test_wer_clean_with_one_error PASSED [ 67%]
tests/test_phase2_gates.py::TestGate2Q02WERNoisy::test_wer_noisy_under_threshold PASSED [ 67%]
tests/test_phase2_gates.py::TestGate2Q02WERNoisy::test_wer_noisy_boundary PASSED [ 67%]
tests/test_phase2_gates.py::TestGate2S01Stability::test_24h_continuous_run SKIPPED [ 67%]
tests/test_phase2_gates.py::TestGate2R01VRAM::test_vram_usage_structural SKIPPED [ 67%]
tests/test_phase2_gates.py::TestGate2R02StorageRate::test_wav_file_size_reasonable PASSED [ 68%]
tests/test_phase2_gates.py::TestGate2R02StorageRate::test_daily_storage_estimate PASSED [ 68%]
tests/test_phase2_gates.py::TestGate2DG01Encryption::test_filevault_status_command PASSED [ 68%]
tests/test_phase2_gates.py::TestGate2DG01Encryption::test_luks_check_structural SKIPPED [ 68%]
tests/test_phase2_gates.py::TestGate2DG02Redaction::test_pii_redaction SKIPPED [ 68%]
tests/test_phase2_gates.py::TestGate2DG03Retention::test_cascade_delete_removes_all PASSED [ 69%]
tests/test_phase2_gates.py::TestGate2DG03Retention::test_expired_chunks_detected PASSED [ 69%]
tests/test_phase2_ingestion.py::TestAudioUploadAPI::test_audio_upload_accepted PASSED [ 69%]
tests/test_phase2_ingestion.py::TestAudioUploadAPI::test_audio_upload_creates_db_entry PASSED [ 69%]
tests/test_phase2_ingestion.py::TestAudioUploadAPI::test_audio_upload_by_content_type PASSED [ 69%]
tests/test_phase2_ingestion.py::TestAudioUploadAPI::test_audio_upload_by_filename PASSED [ 70%]
tests/test_phase2_ingestion.py::TestAudioUploadAPI::test_upload_no_file_returns_400 PASSED [ 70%]
tests/test_phase2_ingestion.py::TestAudioUploadAPI::test_upload_no_metadata_returns_400 PASSED [ 70%]
tests/test_phase2_ingestion.py::TestAudioChunksListAPI::test_list_audio_chunks_empty PASSED [ 70%]
tests/test_phase2_ingestion.py::TestAudioChunksListAPI::test_list_audio_chunks_after_upload PASSED [ 70%]
tests/test_phase2_ingestion.py::TestAudioChunksListAPI::test_list_audio_chunks_status_filter PASSED [ 71%]
tests/test_phase2_ingestion.py::TestQueueStatusAudio::test_queue_status_includes_audio PASSED [ 71%]
tests/test_phase2_performance.py::TestGate2P01TranscriptionLatency::test_mock_transcription_latency PASSED [ 71%]
tests/test_phase2_performance.py::TestGate2P01TranscriptionLatency::test_real_transcription_latency SKIPPED [ 71%]
tests/test_phase2_performance.py::TestGate2P02VADProcessing::test_mock_vad_latency PASSED [ 71%]
tests/test_phase2_performance.py::TestGate2P02VADProcessing::test_real_vad_latency SKIPPED [ 72%]
tests/test_phase2_performance.py::TestGate2P03Throughput::test_no_backlog_growth_pattern PASSED [ 72%]
tests/test_phase2_performance.py::TestGate2P03Throughput::test_mock_queue_depth_stable PASSED [ 72%]
tests/test_phase2_performance.py::TestGate2P04AudioCaptureCPU::test_audio_manager_structural_attributes PASSED [ 72%]
tests/test_phase2_performance.py::TestGate2P04AudioCaptureCPU::test_audio_manager_callback_writes_frames PASSED [ 72%]
tests/test_phase2_performance.py::TestGate2P04AudioCaptureCPU::test_real_cpu_usage SKIPPED [ 73%]
tests/test_phase2_quality.py::TestComputeWER::test_identical_strings PASSED [ 73%]
tests/test_phase2_quality.py::TestComputeWER::test_one_substitution PASSED [ 73%]
tests/test_phase2_quality.py::TestComputeWER::test_completely_wrong PASSED [ 73%]
tests/test_phase2_quality.py::TestComputeWER::test_empty_both PASSED     [ 73%]
tests/test_phase2_quality.py::TestComputeWER::test_empty_reference PASSED [ 74%]
tests/test_phase2_quality.py::TestComputeWER::test_empty_hypothesis PASSED [ 74%]
tests/test_phase2_quality.py::TestComputeWER::test_insertion PASSED      [ 74%]
tests/test_phase2_quality.py::TestComputeWER::test_deletion PASSED       [ 74%]
tests/test_phase2_quality.py::TestComputeWER::test_case_insensitive PASSED [ 74%]
tests/test_phase2_quality.py::TestComputeWER::test_longer_sentence PASSED [ 75%]
tests/test_phase2_quality.py::TestGate2Q01WERClean::test_wer_clean_with_mock_whisper PASSED [ 75%]
tests/test_phase2_quality.py::TestGate2Q01WERClean::test_wer_clean_realistic_error PASSED [ 75%]
tests/test_phase2_quality.py::TestGate2Q01WERClean::test_wer_clean_with_minor_errors PASSED [ 75%]
tests/test_phase2_quality.py::TestGate2Q01WERClean::test_real_wer_clean_speech SKIPPED [ 75%]
tests/test_phase2_quality.py::TestGate2Q02WERNoisy::test_wer_noisy_with_mock_whisper PASSED [ 76%]
tests/test_phase2_quality.py::TestGate2Q02WERNoisy::test_wer_noisy_realistic_errors PASSED [ 76%]
tests/test_phase2_quality.py::TestGate2Q02WERNoisy::test_wer_noisy_boundary_case PASSED [ 76%]
tests/test_phase2_quality.py::TestGate2Q02WERNoisy::test_real_wer_noisy_speech SKIPPED [ 76%]
tests/test_phase2_search.py::TestAudioFTSSearch::test_insert_and_search_transcription PASSED [ 76%]
tests/test_phase2_search.py::TestAudioFTSSearch::test_search_no_results PASSED [ 77%]
tests/test_phase2_search.py::TestAudioFTSSearch::test_search_audio_fts_pagination PASSED [ 77%]
tests/test_phase2_search.py::TestAudioFTSSearch::test_get_audio_transcriptions_by_time_range PASSED [ 77%]
tests/test_phase2_search.py::TestAudioFTSSearch::test_get_audio_transcriptions_outside_range PASSED [ 77%]
tests/test_phase2_search.py::TestSearchAPIAudio::test_search_endpoint_exists PASSED [ 77%]
tests/test_phase2_search.py::TestSearchAPIAudio::test_search_empty_query PASSED [ 78%]
tests/test_phase2_smoke.py::TestPhase2SmokeEndToEnd::test_full_audio_pipeline PASSED [ 78%]
tests/test_phase2_smoke.py::TestPhase2SmokeEndToEnd::test_audio_upload_then_chunks_status PASSED [ 78%]
tests/test_phase2_timeline.py::TestTimelineAPI::test_timeline_endpoint_exists PASSED [ 78%]
tests/test_phase2_timeline.py::TestTimelineAPI::test_timeline_empty_range PASSED [ 78%]
tests/test_phase2_timeline.py::TestTimelineAPI::test_timeline_with_audio_transcriptions PASSED [ 79%]
tests/test_phase2_timeline.py::TestTimelineAPI::test_timeline_source_filter_audio PASSED [ 79%]
tests/test_phase2_timeline.py::TestTimelineAPI::test_timeline_source_filter_video PASSED [ 79%]
tests/test_phase2_timeline.py::TestTimelineAPI::test_timeline_pagination PASSED [ 79%]
tests/test_phase2_timeline.py::TestTimelineAPI::test_timeline_invalid_times PASSED [ 79%]
tests/test_phase2_timeline.py::TestAudioTranscriptionsAPI::test_transcriptions_endpoint_exists PASSED [ 80%]
tests/test_phase2_timeline.py::TestAudioTranscriptionsAPI::test_transcriptions_with_data PASSED [ 80%]
tests/test_phase2_transcriber.py::TestTranscriptionSegment::test_fields PASSED [ 80%]
tests/test_phase2_transcriber.py::TestWhisperTranscriber::test_init_defaults PASSED [ 80%]
tests/test_phase2_transcriber.py::TestWhisperTranscriber::test_init_custom PASSED [ 80%]
tests/test_phase2_transcriber.py::TestWhisperTranscriber::test_engine_name PASSED [ 81%]
tests/test_phase2_transcriber.py::TestWhisperTranscriber::test_transcribe_no_model_returns_empty PASSED [ 81%]
tests/test_phase2_transcriber.py::TestWhisperTranscriber::test_transcribe_returns_segments PASSED [ 81%]
tests/test_phase2_transcriber.py::TestWhisperTranscriber::test_transcribe_filters_empty_text PASSED [ 81%]
tests/test_phase2_transcriber.py::TestWhisperTranscriber::test_reinit_on_cpu PASSED [ 81%]
tests/test_phase2_vad.py::TestSpeechSegment::test_fields PASSED          [ 82%]
tests/test_phase2_vad.py::TestVoiceActivityDetector::test_init_defaults PASSED [ 82%]
tests/test_phase2_vad.py::TestVoiceActivityDetector::test_init_custom PASSED [ 82%]
tests/test_phase2_vad.py::TestVoiceActivityDetector::test_no_model_returns_empty PASSED [ 82%]
tests/test_phase2_vad.py::TestVoiceActivityDetector::test_has_speech_delegates_to_get_segments PASSED [ 82%]
tests/test_phase2_vad.py::TestVoiceActivityDetector::test_webrtcvad_segments_on_silence SKIPPED [ 83%]
tests/test_phase2_vad.py::TestVoiceActivityDetector::test_webrtcvad_segments_on_noise SKIPPED [ 83%]
tests/test_phase2_vad.py::TestVoiceActivityDetector::test_invalid_wav_returns_empty PASSED [ 83%]
tests/test_phase2_worker.py::TestAudioProcessingResult::test_defaults PASSED [ 83%]
tests/test_phase2_worker.py::TestAudioProcessingResult::test_with_error PASSED [ 83%]
tests/test_phase2_worker.py::TestAudioChunkProcessor::test_init_lazy PASSED [ 84%]
tests/test_phase2_worker.py::TestAudioChunkProcessor::test_process_missing_file PASSED [ 84%]
tests/test_phase2_worker.py::TestAudioChunkProcessor::test_process_no_speech PASSED [ 84%]
tests/test_phase2_worker.py::TestAudioChunkProcessor::test_process_with_speech PASSED [ 84%]
tests/test_phase2_worker.py::TestAudioProcessingWorker::test_init PASSED [ 84%]
tests/test_phase2_worker.py::TestAudioProcessingWorker::test_stop_event PASSED [ 85%]
tests/test_phase2_worker.py::TestSQLStoreAudioLifecycle::test_insert_audio_chunk PASSED [ 85%]
tests/test_phase2_worker.py::TestSQLStoreAudioLifecycle::test_get_audio_chunk_by_id PASSED [ 85%]
tests/test_phase2_worker.py::TestSQLStoreAudioLifecycle::test_pending_processing_completed_lifecycle PASSED [ 85%]
tests/test_phase2_worker.py::TestSQLStoreAudioLifecycle::test_pending_processing_failed_lifecycle PASSED [ 85%]
tests/test_phase2_worker.py::TestSQLStoreAudioLifecycle::test_reset_stuck_audio_chunks PASSED [ 86%]
tests/test_phase2_worker.py::TestSQLStoreAudioLifecycle::test_get_next_pending_audio_chunk PASSED [ 86%]
tests/test_phase2_worker.py::TestSQLStoreAudioLifecycle::test_audio_chunk_status_counts PASSED [ 86%]
tests/test_phase5_buffer.py::TestLocalBuffer::test_enqueue_creates_files PASSED [ 86%]
tests/test_phase5_buffer.py::TestLocalBuffer::test_enqueue_atomic_write PASSED [ 86%]
tests/test_phase5_buffer.py::TestLocalBuffer::test_get_next_batch_fifo_order PASSED [ 87%]
tests/test_phase5_buffer.py::TestLocalBuffer::test_get_next_batch_empty PASSED [ 87%]
tests/test_phase5_buffer.py::TestLocalBuffer::test_commit_deletes_files PASSED [ 87%]
tests/test_phase5_buffer.py::TestLocalBuffer::test_orphan_json_cleanup PASSED [ 87%]
tests/test_phase5_buffer.py::TestLocalBuffer::test_count PASSED          [ 87%]
tests/test_phase5_buffer.py::TestLocalBuffer::test_datetime_serialization PASSED [ 88%]
tests/test_phase5_buffer.py::TestLocalBuffer::test_path_serialization PASSED [ 88%]
tests/test_phase5_buffer.py::TestUploaderConsumer::test_consumer_stops_on_signal PASSED [ 88%]
tests/test_phase5_buffer.py::TestUploaderConsumer::test_consumer_uploads_and_commits PASSED [ 88%]
tests/test_phase5_buffer.py::TestUploaderConsumer::test_consumer_uploads_video_chunk_and_commits PASSED [ 88%]
tests/test_phase5_buffer.py::TestUploaderConsumer::test_consumer_logs_item_type_and_target_branch PASSED [ 89%]
tests/test_phase5_buffer.py::TestUploaderConsumer::test_consumer_logs_video_upload_details PASSED [ 89%]
tests/test_phase5_buffer.py::TestUploaderConsumer::test_consumer_retries_on_failure PASSED [ 89%]
tests/test_phase5_buffer.py::TestUploaderConsumer::test_consumer_interruptible_backoff PASSED [ 89%]
tests/test_phase5_buffer.py::TestProducerConsumerIntegration::test_buffer_persists_across_restart PASSED [ 89%]
tests/test_phase5_buffer.py::TestProducerConsumerIntegration::test_no_data_loss_on_network_failure PASSED [ 90%]
tests/test_phase5_buffer.py::TestScreenRecorder::test_recorder_stop_graceful PASSED [ 90%]
tests/test_phase8_2_logic_integration.py::TestWorkerPhase82::test_runtime_settings_ai_processing_flag_accessible PASSED [ 90%]
tests/test_phase8_2_logic_integration.py::TestWorkerPhase82::test_worker_has_ai_processing_check PASSED [ 90%]
tests/test_phase8_2_logic_integration.py::TestWorkerPhase82::test_worker_respects_ai_processing_disabled PASSED [ 90%]
tests/test_phase8_2_logic_integration.py::TestRecorderPhase82::test_recorder_has_send_heartbeat_method PASSED [ 91%]
tests/test_phase8_2_logic_integration.py::TestRecorderPhase82::test_recorder_initializes_heartbeat_fields PASSED [ 91%]
tests/test_phase8_2_logic_integration.py::TestRecorderPhase82::test_recorder_respects_recording_enabled_rule1 PASSED [ 91%]
tests/test_phase8_2_logic_integration.py::TestRecorderPhase82::test_recorder_respects_upload_enabled_rule2 PASSED [ 91%]
tests/test_phase8_2_logic_integration.py::TestRecorderPhase82::test_send_heartbeat_constructs_correct_url PASSED [ 91%]
tests/test_phase8_2_logic_integration.py::TestRecorderPhase82::test_send_heartbeat_handles_network_error PASSED [ 92%]
tests/test_phase8_2_logic_integration.py::TestRecorderPhase82::test_send_heartbeat_syncs_from_server PASSED [ 92%]
tests/test_phase8_2_logic_integration.py::TestPhase82Integration::test_full_control_flow_disable_ai_processing PASSED [ 92%]
tests/test_phase8_2_logic_integration.py::TestPhase82Integration::test_full_control_flow_disable_recording PASSED [ 92%]
tests/test_phase8_2_logic_integration.py::TestPhase82Integration::test_full_control_flow_disable_upload PASSED [ 92%]
tests/test_phase8_2_logic_integration.py::TestPhase82Integration::test_recorder_heartbeat_updates_every_5_seconds PASSED [ 93%]
tests/test_phase8_2_logic_integration.py::TestPhase82Integration::test_runtime_settings_thread_safety PASSED [ 93%]
tests/test_phase8_2_logic_integration.py::TestPhase82Logging::test_recorder_logs_heartbeat_sync PASSED [ 93%]
tests/test_phase8_2_logic_integration.py::TestPhase82Logging::test_worker_logs_when_ai_processing_disabled PASSED [ 93%]
tests/test_phase8_2_logic_integration.py::TestPhase82EdgeCases::test_heartbeat_timeout_handling PASSED [ 93%]
tests/test_phase8_2_logic_integration.py::TestPhase82EdgeCases::test_malformed_heartbeat_response PASSED [ 94%]
tests/test_phase8_2_logic_integration.py::TestPhase82EdgeCases::test_missing_config_fields_in_heartbeat PASSED [ 94%]
tests/test_phase8_2_logic_integration.py::TestPhase82EdgeCases::test_worker_continuous_disable_enable_cycle PASSED [ 94%]
tests/test_runtime_config.py::TestRuntimeSettings::test_singleton_initialization PASSED [ 94%]
tests/test_runtime_config.py::TestRuntimeSettings::test_to_dict_method PASSED [ 94%]
tests/test_runtime_config.py::TestRuntimeSettings::test_field_modification PASSED [ 95%]
tests/test_runtime_config.py::TestRuntimeSettings::test_thread_safety_lock_exists PASSED [ 95%]
tests/test_runtime_config.py::TestRuntimeConfigAPI::test_get_config_endpoint PASSED [ 95%]
tests/test_runtime_config.py::TestRuntimeConfigAPI::test_post_config_single_field PASSED [ 95%]
tests/test_runtime_config.py::TestRuntimeConfigAPI::test_post_config_multiple_fields PASSED [ 95%]
tests/test_runtime_config.py::TestRuntimeConfigAPI::test_post_config_invalid_field PASSED [ 96%]
tests/test_runtime_config.py::TestRuntimeConfigAPI::test_post_config_invalid_type PASSED [ 96%]
tests/test_runtime_config.py::TestRuntimeConfigAPI::test_post_config_invalid_json PASSED [ 96%]
tests/test_runtime_config.py::TestRuntimeConfigAPI::test_post_heartbeat PASSED [ 96%]
tests/test_runtime_config.py::TestRuntimeConfigAPI::test_client_online_calculation PASSED [ 96%]
tests/test_runtime_config.py::TestRuntimeConfigAPI::test_config_persistence PASSED [ 97%]
tests/test_sck_error_classification.py::test_classify_permission_denied PASSED [ 97%]
tests/test_sck_error_classification.py::test_classify_timeout PASSED     [ 97%]
tests/test_sck_error_classification.py::test_classify_no_displays PASSED [ 97%]
tests/test_sck_error_classification.py::test_classify_unknown_defaults_retryable PASSED [ 97%]
tests/test_shared_utils_smoke.py::test_human_readable_time_outputs_string PASSED [ 98%]
tests/test_shared_utils_smoke.py::test_timestamp_to_human_readable_handles_invalid PASSED [ 98%]
tests/test_shared_utils_smoke.py::test_osx_helpers_return_empty_when_unavailable PASSED [ 98%]
tests/test_video_recorder_fallback_policy.py::test_retry_exhaustion_switches_to_legacy PASSED [ 98%]
tests/test_video_recorder_fallback_policy.py::test_permission_denied_uses_long_backoff_before_fallback PASSED [ 98%]
tests/test_video_recorder_recovery_probe.py::test_recovery_probe_switches_back_to_sck_on_success PASSED [ 99%]
tests/test_video_recorder_recovery_probe.py::test_recovery_probe_keeps_legacy_on_failure PASSED [ 99%]
tests/test_vision_status_api.py::test_vision_status_ok_for_monitor_mode PASSED [ 99%]
tests/test_vision_status_api.py::test_vision_status_permission_denied PASSED [ 99%]
tests/test_vision_status_api.py::test_heartbeat_updates_capture_health_fields PASSED [100%]

=============================== warnings summary ===============================
tests/test_phase2_performance.py:77
  /Users/pyw/new/MyRecall/tests/test_phase2_performance.py:77: PytestUnknownMarkWarning: Unknown pytest.mark.slow - is this a typo?  You can register custom marks to avoid this warning - for details, see https://docs.pytest.org/en/stable/how-to/mark.html
    @pytest.mark.slow

tests/test_phase2_performance.py:127
  /Users/pyw/new/MyRecall/tests/test_phase2_performance.py:127: PytestUnknownMarkWarning: Unknown pytest.mark.slow - is this a typo?  You can register custom marks to avoid this warning - for details, see https://docs.pytest.org/en/stable/how-to/mark.html
    @pytest.mark.slow

tests/test_phase2_performance.py:245
  /Users/pyw/new/MyRecall/tests/test_phase2_performance.py:245: PytestUnknownMarkWarning: Unknown pytest.mark.slow - is this a typo?  You can register custom marks to avoid this warning - for details, see https://docs.pytest.org/en/stable/how-to/mark.html
    @pytest.mark.slow

tests/test_phase2_quality.py:184
  /Users/pyw/new/MyRecall/tests/test_phase2_quality.py:184: PytestUnknownMarkWarning: Unknown pytest.mark.slow - is this a typo?  You can register custom marks to avoid this warning - for details, see https://docs.pytest.org/en/stable/how-to/mark.html
    @pytest.mark.slow

tests/test_phase2_quality.py:257
  /Users/pyw/new/MyRecall/tests/test_phase2_quality.py:257: PytestUnknownMarkWarning: Unknown pytest.mark.slow - is this a typo?  You can register custom marks to avoid this warning - for details, see https://docs.pytest.org/en/stable/how-to/mark.html
    @pytest.mark.slow

-- Docs: https://docs.pytest.org/en/stable/how-to/capture-warnings.html
=========================== short test summary info ============================
SKIPPED [1] tests/test_phase1_gates.py:324: Requires 7 calendar days of runtime observation
SKIPPED [1] tests/test_phase1_gates.py:332: Requires 24h runtime monitoring
SKIPPED [1] tests/test_phase1_gates.py:340: Requires 24h disk usage measurement
SKIPPED [1] tests/test_phase1_gates.py:348: Requires runtime memory measurement
SKIPPED [1] tests/test_phase1_gates.py:356: Requires real video recording and processing pipeline
SKIPPED [1] tests/test_phase1_gates.py:364: Requires 1h CPU measurement
SKIPPED [1] tests/test_phase1_gates.py:372: Requires 100-frame curated test dataset
SKIPPED [1] tests/test_phase1_gates.py:424: Optional gate - PII detection not implemented in Phase 1
SKIPPED [1] tests/test_phase2_gates.py:540: Requires 24 hours of continuous runtime observation
SKIPPED [1] tests/test_phase2_gates.py:553: No GPU available -- VRAM measurement requires nvidia-smi
SKIPPED [1] tests/test_phase2_gates.py:627: Linux-only: LUKS check
SKIPPED [1] tests/test_phase2_gates.py:641: Optional gate -- PII redaction not implemented in Phase 2.0
SKIPPED [1] tests/test_phase2_performance.py:77: Requires faster-whisper model download and CPU time
SKIPPED [1] tests/test_phase2_performance.py:127: Requires torch + silero-vad model download
SKIPPED [1] tests/test_phase2_performance.py:245: Requires real audio hardware and psutil
SKIPPED [1] tests/test_phase2_quality.py:184: Requires faster-whisper model and LibriSpeech test-clean dataset
SKIPPED [1] tests/test_phase2_quality.py:257: Requires faster-whisper model and real noisy meeting recordings
SKIPPED [1] tests/test_phase2_vad.py:97: webrtcvad not installed
SKIPPED [1] tests/test_phase2_vad.py:119: webrtcvad not installed
========= 479 passed, 19 skipped, 22 deselected, 5 warnings in 15.55s ==========
Slow ffmpeg stdin write monitor=1 latency=345.10ms
/var/folders/q2/gtfbxhrj7zv1xn9cn6f3pzj40000gn/T/tmpdqxn9a9w: line 3: 60840 Killed: 9               python3 -m pytest tests/ -v --tb=short

ERROR conda.cli.main_run:execute(127): `conda run python3 -m pytest tests/ -v --tb=short` failed. (See above for error)

