============================= test session starts ==============================
platform darwin -- Python 3.11.14, pytest-9.0.2, pluggy-1.6.0 -- /opt/homebrew/Caskroom/miniforge/base/envs/v3/bin/python3
cachedir: .pytest_cache
rootdir: /Users/pyw/new/MyRecall
configfile: pytest.ini
plugins: anyio-4.12.1
collecting ... collected 8 items

tests/test_phase2_transcriber.py::TestTranscriptionSegment::test_fields PASSED [ 12%]
tests/test_phase2_transcriber.py::TestWhisperTranscriber::test_init_defaults PASSED [ 25%]
tests/test_phase2_transcriber.py::TestWhisperTranscriber::test_init_custom PASSED [ 37%]
tests/test_phase2_transcriber.py::TestWhisperTranscriber::test_engine_name PASSED [ 50%]
tests/test_phase2_transcriber.py::TestWhisperTranscriber::test_transcribe_no_model_returns_empty PASSED [ 62%]
tests/test_phase2_transcriber.py::TestWhisperTranscriber::test_transcribe_returns_segments PASSED [ 75%]
tests/test_phase2_transcriber.py::TestWhisperTranscriber::test_transcribe_filters_empty_text PASSED [ 87%]
tests/test_phase2_transcriber.py::TestWhisperTranscriber::test_reinit_on_cpu PASSED [100%]

============================== 8 passed in 0.24s ===============================
