============================= test session starts ==============================
platform darwin -- Python 3.9.6, pytest-8.4.2, pluggy-1.6.0 -- /Applications/Xcode.app/Contents/Developer/usr/bin/python3
cachedir: .pytest_cache
rootdir: /Users/pyw/new/MyRecall
configfile: pytest.ini
collecting ... collected 22 items / 10 errors

==================================== ERRORS ====================================
_____________ ERROR collecting tests/test_phase2_audio_manager.py ______________
ImportError while importing test module '/Users/pyw/new/MyRecall/tests/test_phase2_audio_manager.py'.
Hint: make sure your test modules/packages have valid Python names.
Traceback:
/Applications/Xcode.app/Contents/Developer/Library/Frameworks/Python3.framework/Versions/3.9/lib/python3.9/importlib/__init__.py:127: in import_module
    return _bootstrap._gcd_import(name[level:], package, level)
tests/test_phase2_audio_manager.py:9: in <module>
    import numpy as np
E   ModuleNotFoundError: No module named 'numpy'
_____________ ERROR collecting tests/test_phase2_audio_recorder.py _____________
ImportError while importing test module '/Users/pyw/new/MyRecall/tests/test_phase2_audio_recorder.py'.
Hint: make sure your test modules/packages have valid Python names.
Traceback:
/Applications/Xcode.app/Contents/Developer/Library/Frameworks/Python3.framework/Versions/3.9/lib/python3.9/importlib/__init__.py:127: in import_module
    return _bootstrap._gcd_import(name[level:], package, level)
tests/test_phase2_audio_recorder.py:8: in <module>
    import numpy as np
E   ModuleNotFoundError: No module named 'numpy'
_________________ ERROR collecting tests/test_phase2_gates.py __________________
ImportError while importing test module '/Users/pyw/new/MyRecall/tests/test_phase2_gates.py'.
Hint: make sure your test modules/packages have valid Python names.
Traceback:
/Applications/Xcode.app/Contents/Developer/Library/Frameworks/Python3.framework/Versions/3.9/lib/python3.9/importlib/__init__.py:127: in import_module
    return _bootstrap._gcd_import(name[level:], package, level)
tests/test_phase2_gates.py:27: in <module>
    import numpy as np
E   ModuleNotFoundError: No module named 'numpy'
_______________ ERROR collecting tests/test_phase2_ingestion.py ________________
ImportError while importing test module '/Users/pyw/new/MyRecall/tests/test_phase2_ingestion.py'.
Hint: make sure your test modules/packages have valid Python names.
Traceback:
/Applications/Xcode.app/Contents/Developer/Library/Frameworks/Python3.framework/Versions/3.9/lib/python3.9/importlib/__init__.py:127: in import_module
    return _bootstrap._gcd_import(name[level:], package, level)
tests/test_phase2_ingestion.py:10: in <module>
    import numpy as np
E   ModuleNotFoundError: No module named 'numpy'
______________ ERROR collecting tests/test_phase2_performance.py _______________
ImportError while importing test module '/Users/pyw/new/MyRecall/tests/test_phase2_performance.py'.
Hint: make sure your test modules/packages have valid Python names.
Traceback:
/Applications/Xcode.app/Contents/Developer/Library/Frameworks/Python3.framework/Versions/3.9/lib/python3.9/importlib/__init__.py:127: in import_module
    return _bootstrap._gcd_import(name[level:], package, level)
tests/test_phase2_performance.py:17: in <module>
    import numpy as np
E   ModuleNotFoundError: No module named 'numpy'
________________ ERROR collecting tests/test_phase2_quality.py _________________
ImportError while importing test module '/Users/pyw/new/MyRecall/tests/test_phase2_quality.py'.
Hint: make sure your test modules/packages have valid Python names.
Traceback:
/Applications/Xcode.app/Contents/Developer/Library/Frameworks/Python3.framework/Versions/3.9/lib/python3.9/importlib/__init__.py:127: in import_module
    return _bootstrap._gcd_import(name[level:], package, level)
tests/test_phase2_quality.py:12: in <module>
    import numpy as np
E   ModuleNotFoundError: No module named 'numpy'
_________________ ERROR collecting tests/test_phase2_smoke.py __________________
ImportError while importing test module '/Users/pyw/new/MyRecall/tests/test_phase2_smoke.py'.
Hint: make sure your test modules/packages have valid Python names.
Traceback:
/Applications/Xcode.app/Contents/Developer/Library/Frameworks/Python3.framework/Versions/3.9/lib/python3.9/importlib/__init__.py:127: in import_module
    return _bootstrap._gcd_import(name[level:], package, level)
tests/test_phase2_smoke.py:11: in <module>
    import numpy as np
E   ModuleNotFoundError: No module named 'numpy'
________________ ERROR collecting tests/test_phase2_timeline.py ________________
ImportError while importing test module '/Users/pyw/new/MyRecall/tests/test_phase2_timeline.py'.
Hint: make sure your test modules/packages have valid Python names.
Traceback:
/Applications/Xcode.app/Contents/Developer/Library/Frameworks/Python3.framework/Versions/3.9/lib/python3.9/importlib/__init__.py:127: in import_module
    return _bootstrap._gcd_import(name[level:], package, level)
tests/test_phase2_timeline.py:11: in <module>
    import numpy as np
E   ModuleNotFoundError: No module named 'numpy'
______________ ERROR collecting tests/test_phase2_transcriber.py _______________
ImportError while importing test module '/Users/pyw/new/MyRecall/tests/test_phase2_transcriber.py'.
Hint: make sure your test modules/packages have valid Python names.
Traceback:
/Applications/Xcode.app/Contents/Developer/Library/Frameworks/Python3.framework/Versions/3.9/lib/python3.9/importlib/__init__.py:127: in import_module
    return _bootstrap._gcd_import(name[level:], package, level)
tests/test_phase2_transcriber.py:8: in <module>
    import numpy as np
E   ModuleNotFoundError: No module named 'numpy'
__________________ ERROR collecting tests/test_phase2_vad.py ___________________
ImportError while importing test module '/Users/pyw/new/MyRecall/tests/test_phase2_vad.py'.
Hint: make sure your test modules/packages have valid Python names.
Traceback:
/Applications/Xcode.app/Contents/Developer/Library/Frameworks/Python3.framework/Versions/3.9/lib/python3.9/importlib/__init__.py:127: in import_module
    return _bootstrap._gcd_import(name[level:], package, level)
tests/test_phase2_vad.py:7: in <module>
    import numpy as np
E   ModuleNotFoundError: No module named 'numpy'
=========================== short test summary info ============================
ERROR tests/test_phase2_audio_manager.py
ERROR tests/test_phase2_audio_recorder.py
ERROR tests/test_phase2_gates.py
ERROR tests/test_phase2_ingestion.py
ERROR tests/test_phase2_performance.py
ERROR tests/test_phase2_quality.py
ERROR tests/test_phase2_smoke.py
ERROR tests/test_phase2_timeline.py
ERROR tests/test_phase2_transcriber.py
ERROR tests/test_phase2_vad.py
!!!!!!!!!!!!!!!!!!! Interrupted: 10 errors during collection !!!!!!!!!!!!!!!!!!!
============================== 10 errors in 0.16s ==============================
