============================= test session starts ==============================
platform darwin -- Python 3.9.6, pytest-8.4.2, pluggy-1.6.0 -- /Applications/Xcode.app/Contents/Developer/usr/bin/python3
cachedir: .pytest_cache
rootdir: /Users/pyw/new/MyRecall
configfile: pytest.ini
collecting ... collected 65 items / 2 errors

==================================== ERRORS ====================================
_________________ ERROR collecting tests/test_phase0_models.py _________________
ImportError while importing test module '/Users/pyw/new/MyRecall/tests/test_phase0_models.py'.
Hint: make sure your test modules/packages have valid Python names.
Traceback:
/Applications/Xcode.app/Contents/Developer/Library/Frameworks/Python3.framework/Versions/3.9/lib/python3.9/importlib/__init__.py:127: in import_module
    return _bootstrap._gcd_import(name[level:], package, level)
tests/test_phase0_models.py:5: in <module>
    from openrecall.shared.models import (
openrecall/shared/models.py:5: in <module>
    import numpy as np
E   ModuleNotFoundError: No module named 'numpy'
______________ ERROR collecting tests/test_phase0_upload_queue.py ______________
ImportError while importing test module '/Users/pyw/new/MyRecall/tests/test_phase0_upload_queue.py'.
Hint: make sure your test modules/packages have valid Python names.
Traceback:
/Applications/Xcode.app/Contents/Developer/Library/Frameworks/Python3.framework/Versions/3.9/lib/python3.9/importlib/__init__.py:127: in import_module
    return _bootstrap._gcd_import(name[level:], package, level)
tests/test_phase0_upload_queue.py:9: in <module>
    from PIL import Image
E   ModuleNotFoundError: No module named 'PIL'
=========================== short test summary info ============================
ERROR tests/test_phase0_models.py
ERROR tests/test_phase0_upload_queue.py
!!!!!!!!!!!!!!!!!!! Interrupted: 2 errors during collection !!!!!!!!!!!!!!!!!!!!
============================== 2 errors in 0.16s ===============================
