============================= test session starts ==============================
platform darwin -- Python 3.9.6, pytest-8.4.2, pluggy-1.6.0 -- /Applications/Xcode.app/Contents/Developer/usr/bin/python3
cachedir: .pytest_cache
rootdir: /Users/pyw/new/MyRecall
configfile: pytest.ini
collecting ... collected 0 items / 1 error

==================================== ERRORS ====================================
______________ ERROR collecting tests/test_phase2_performance.py _______________
ImportError while importing test module '/Users/pyw/new/MyRecall/tests/test_phase2_performance.py'.
Hint: make sure your test modules/packages have valid Python names.
Traceback:
/Applications/Xcode.app/Contents/Developer/Library/Frameworks/Python3.framework/Versions/3.9/lib/python3.9/importlib/__init__.py:127: in import_module
    return _bootstrap._gcd_import(name[level:], package, level)
tests/test_phase2_performance.py:17: in <module>
    import numpy as np
E   ModuleNotFoundError: No module named 'numpy'
=========================== short test summary info ============================
ERROR tests/test_phase2_performance.py
!!!!!!!!!!!!!!!!!!!! Interrupted: 1 error during collection !!!!!!!!!!!!!!!!!!!!
=============================== 1 error in 0.08s ===============================
