===== TEST 01 (phase2_audio_manager) =====
CMD: python3 -m pytest tests/test_phase2_audio_manager.py -v
RESULT: FAIL (rc=2)
--- LOG TAIL (phase2_audio_manager) ---
============================= test session starts ==============================
platform darwin -- Python 3.9.6, pytest-8.4.2, pluggy-1.6.0 -- /Applications/Xcode.app/Contents/Developer/usr/bin/python3
cachedir: .pytest_cache
rootdir: /Users/pyw/new/MyRecall
configfile: pytest.ini
collecting ... collected 0 items / 1 error

==================================== ERRORS ====================================
_____________ ERROR collecting tests/test_phase2_audio_manager.py ______________
ImportError while importing test module '/Users/pyw/new/MyRecall/tests/test_phase2_audio_manager.py'.
Hint: make sure your test modules/packages have valid Python names.
Traceback:
/Applications/Xcode.app/Contents/Developer/Library/Frameworks/Python3.framework/Versions/3.9/lib/python3.9/importlib/__init__.py:127: in import_module
    return _bootstrap._gcd_import(name[level:], package, level)
tests/test_phase2_audio_manager.py:9: in <module>
    import numpy as np
E   ModuleNotFoundError: No module named 'numpy'
=========================== short test summary info ============================
ERROR tests/test_phase2_audio_manager.py
!!!!!!!!!!!!!!!!!!!! Interrupted: 1 error during collection !!!!!!!!!!!!!!!!!!!!
=============================== 1 error in 0.11s ===============================

===== TEST 02 (phase2_audio_recorder) =====
CMD: python3 -m pytest tests/test_phase2_audio_recorder.py -v
RESULT: FAIL (rc=2)
--- LOG TAIL (phase2_audio_recorder) ---
============================= test session starts ==============================
platform darwin -- Python 3.9.6, pytest-8.4.2, pluggy-1.6.0 -- /Applications/Xcode.app/Contents/Developer/usr/bin/python3
cachedir: .pytest_cache
rootdir: /Users/pyw/new/MyRecall
configfile: pytest.ini
collecting ... collected 0 items / 1 error

==================================== ERRORS ====================================
_____________ ERROR collecting tests/test_phase2_audio_recorder.py _____________
ImportError while importing test module '/Users/pyw/new/MyRecall/tests/test_phase2_audio_recorder.py'.
Hint: make sure your test modules/packages have valid Python names.
Traceback:
/Applications/Xcode.app/Contents/Developer/Library/Frameworks/Python3.framework/Versions/3.9/lib/python3.9/importlib/__init__.py:127: in import_module
    return _bootstrap._gcd_import(name[level:], package, level)
tests/test_phase2_audio_recorder.py:8: in <module>
    import numpy as np
E   ModuleNotFoundError: No module named 'numpy'
=========================== short test summary info ============================
ERROR tests/test_phase2_audio_recorder.py
!!!!!!!!!!!!!!!!!!!! Interrupted: 1 error during collection !!!!!!!!!!!!!!!!!!!!
=============================== 1 error in 0.09s ===============================

===== TEST 03 (phase2_vad) =====
CMD: python3 -m pytest tests/test_phase2_vad.py -v
RESULT: FAIL (rc=2)
--- LOG TAIL (phase2_vad) ---
============================= test session starts ==============================
platform darwin -- Python 3.9.6, pytest-8.4.2, pluggy-1.6.0 -- /Applications/Xcode.app/Contents/Developer/usr/bin/python3
cachedir: .pytest_cache
rootdir: /Users/pyw/new/MyRecall
configfile: pytest.ini
collecting ... collected 0 items / 1 error

==================================== ERRORS ====================================
__________________ ERROR collecting tests/test_phase2_vad.py ___________________
ImportError while importing test module '/Users/pyw/new/MyRecall/tests/test_phase2_vad.py'.
Hint: make sure your test modules/packages have valid Python names.
Traceback:
/Applications/Xcode.app/Contents/Developer/Library/Frameworks/Python3.framework/Versions/3.9/lib/python3.9/importlib/__init__.py:127: in import_module
    return _bootstrap._gcd_import(name[level:], package, level)
tests/test_phase2_vad.py:7: in <module>
    import numpy as np
E   ModuleNotFoundError: No module named 'numpy'
=========================== short test summary info ============================
ERROR tests/test_phase2_vad.py
!!!!!!!!!!!!!!!!!!!! Interrupted: 1 error during collection !!!!!!!!!!!!!!!!!!!!
=============================== 1 error in 0.09s ===============================

===== TEST 04 (phase2_transcriber) =====
CMD: python3 -m pytest tests/test_phase2_transcriber.py -v
RESULT: FAIL (rc=2)
--- LOG TAIL (phase2_transcriber) ---
============================= test session starts ==============================
platform darwin -- Python 3.9.6, pytest-8.4.2, pluggy-1.6.0 -- /Applications/Xcode.app/Contents/Developer/usr/bin/python3
cachedir: .pytest_cache
rootdir: /Users/pyw/new/MyRecall
configfile: pytest.ini
collecting ... collected 0 items / 1 error

==================================== ERRORS ====================================
______________ ERROR collecting tests/test_phase2_transcriber.py _______________
ImportError while importing test module '/Users/pyw/new/MyRecall/tests/test_phase2_transcriber.py'.
Hint: make sure your test modules/packages have valid Python names.
Traceback:
/Applications/Xcode.app/Contents/Developer/Library/Frameworks/Python3.framework/Versions/3.9/lib/python3.9/importlib/__init__.py:127: in import_module
    return _bootstrap._gcd_import(name[level:], package, level)
tests/test_phase2_transcriber.py:8: in <module>
    import numpy as np
E   ModuleNotFoundError: No module named 'numpy'
=========================== short test summary info ============================
ERROR tests/test_phase2_transcriber.py
!!!!!!!!!!!!!!!!!!!! Interrupted: 1 error during collection !!!!!!!!!!!!!!!!!!!!
=============================== 1 error in 0.09s ===============================

===== TEST 05 (phase2_ingestion) =====
CMD: python3 -m pytest tests/test_phase2_ingestion.py -v
RESULT: FAIL (rc=2)
--- LOG TAIL (phase2_ingestion) ---
============================= test session starts ==============================
platform darwin -- Python 3.9.6, pytest-8.4.2, pluggy-1.6.0 -- /Applications/Xcode.app/Contents/Developer/usr/bin/python3
cachedir: .pytest_cache
rootdir: /Users/pyw/new/MyRecall
configfile: pytest.ini
collecting ... collected 0 items / 1 error

==================================== ERRORS ====================================
_______________ ERROR collecting tests/test_phase2_ingestion.py ________________
ImportError while importing test module '/Users/pyw/new/MyRecall/tests/test_phase2_ingestion.py'.
Hint: make sure your test modules/packages have valid Python names.
Traceback:
/Applications/Xcode.app/Contents/Developer/Library/Frameworks/Python3.framework/Versions/3.9/lib/python3.9/importlib/__init__.py:127: in import_module
    return _bootstrap._gcd_import(name[level:], package, level)
tests/test_phase2_ingestion.py:10: in <module>
    import numpy as np
E   ModuleNotFoundError: No module named 'numpy'
=========================== short test summary info ============================
ERROR tests/test_phase2_ingestion.py
!!!!!!!!!!!!!!!!!!!! Interrupted: 1 error during collection !!!!!!!!!!!!!!!!!!!!
=============================== 1 error in 0.10s ===============================

===== TEST 06 (phase2_worker) =====
CMD: python3 -m pytest tests/test_phase2_worker.py -v
RESULT: FAIL (rc=1)
--- LOG TAIL (phase2_worker) ---

    import logging
    from typing import List, Tuple, Optional
    
>   import lancedb
E   ModuleNotFoundError: No module named 'lancedb'

openrecall/server/database/vector_store.py:4: ModuleNotFoundError
=========================== short test summary info ============================
ERROR tests/test_phase2_worker.py::TestSQLStoreAudioLifecycle::test_insert_audio_chunk
ERROR tests/test_phase2_worker.py::TestSQLStoreAudioLifecycle::test_get_audio_chunk_by_id
ERROR tests/test_phase2_worker.py::TestSQLStoreAudioLifecycle::test_pending_processing_completed_lifecycle
ERROR tests/test_phase2_worker.py::TestSQLStoreAudioLifecycle::test_pending_processing_failed_lifecycle
ERROR tests/test_phase2_worker.py::TestSQLStoreAudioLifecycle::test_reset_stuck_audio_chunks
ERROR tests/test_phase2_worker.py::TestSQLStoreAudioLifecycle::test_get_next_pending_audio_chunk
ERROR tests/test_phase2_worker.py::TestSQLStoreAudioLifecycle::test_audio_chunk_status_counts
FAILED tests/test_phase2_worker.py::TestAudioProcessingResult::test_defaults
FAILED tests/test_phase2_worker.py::TestAudioProcessingResult::test_with_error
FAILED tests/test_phase2_worker.py::TestAudioChunkProcessor::test_init_lazy
FAILED tests/test_phase2_worker.py::TestAudioChunkProcessor::test_process_missing_file
FAILED tests/test_phase2_worker.py::TestAudioChunkProcessor::test_process_no_speech
FAILED tests/test_phase2_worker.py::TestAudioChunkProcessor::test_process_with_speech
FAILED tests/test_phase2_worker.py::TestAudioProcessingWorker::test_init - Mo...
FAILED tests/test_phase2_worker.py::TestAudioProcessingWorker::test_stop_event
========================= 8 failed, 7 errors in 0.12s ==========================

===== TEST 07 (phase2_search) =====
CMD: python3 -m pytest tests/test_phase2_search.py -v
RESULT: FAIL (rc=1)
--- LOG TAIL (phase2_search) ---
>       import openrecall.shared.config

tests/conftest.py:23: 
_ _ _ _ _ _ _ _ _ _ _ _ _ _ _ _ _ _ _ _ _ _ _ _ _ _ _ _ _ _ _ _ _ _ _ _ _ _ _ _ 

    """Configuration management for OpenRecall using pydantic-settings."""
    
    import os
    from typing import Optional, Union
    from pathlib import Path
    import tempfile
    
>   from pydantic import Field, model_validator, field_validator
E   ModuleNotFoundError: No module named 'pydantic'

openrecall/shared/config.py:8: ModuleNotFoundError
=========================== short test summary info ============================
ERROR tests/test_phase2_search.py::TestAudioFTSSearch::test_insert_and_search_transcription
ERROR tests/test_phase2_search.py::TestAudioFTSSearch::test_search_no_results
ERROR tests/test_phase2_search.py::TestAudioFTSSearch::test_search_audio_fts_pagination
ERROR tests/test_phase2_search.py::TestAudioFTSSearch::test_get_audio_transcriptions_by_time_range
ERROR tests/test_phase2_search.py::TestAudioFTSSearch::test_get_audio_transcriptions_outside_range
ERROR tests/test_phase2_search.py::TestSearchAPIAudio::test_search_endpoint_exists
ERROR tests/test_phase2_search.py::TestSearchAPIAudio::test_search_empty_query
============================== 7 errors in 0.07s ===============================

===== TEST 08 (phase2_timeline) =====
CMD: python3 -m pytest tests/test_phase2_timeline.py -v
RESULT: FAIL (rc=2)
--- LOG TAIL (phase2_timeline) ---
============================= test session starts ==============================
platform darwin -- Python 3.9.6, pytest-8.4.2, pluggy-1.6.0 -- /Applications/Xcode.app/Contents/Developer/usr/bin/python3
cachedir: .pytest_cache
rootdir: /Users/pyw/new/MyRecall
configfile: pytest.ini
collecting ... collected 0 items / 1 error

==================================== ERRORS ====================================
________________ ERROR collecting tests/test_phase2_timeline.py ________________
ImportError while importing test module '/Users/pyw/new/MyRecall/tests/test_phase2_timeline.py'.
Hint: make sure your test modules/packages have valid Python names.
Traceback:
/Applications/Xcode.app/Contents/Developer/Library/Frameworks/Python3.framework/Versions/3.9/lib/python3.9/importlib/__init__.py:127: in import_module
    return _bootstrap._gcd_import(name[level:], package, level)
tests/test_phase2_timeline.py:11: in <module>
    import numpy as np
E   ModuleNotFoundError: No module named 'numpy'
=========================== short test summary info ============================
ERROR tests/test_phase2_timeline.py
!!!!!!!!!!!!!!!!!!!! Interrupted: 1 error during collection !!!!!!!!!!!!!!!!!!!!
=============================== 1 error in 0.08s ===============================

===== TEST 09 (phase2_performance) =====
CMD: python3 -m pytest tests/test_phase2_performance.py -v
RESULT: FAIL (rc=2)
--- LOG TAIL (phase2_performance) ---
============================= test session starts ==============================
platform darwin -- Python 3.9.6, pytest-8.4.2, pluggy-1.6.0 -- /Applications/Xcode.app/Contents/Developer/usr/bin/python3
cachedir: .pytest_cache
rootdir: /Users/pyw/new/MyRecall
configfile: pytest.ini
collecting ... collected 0 items / 1 error

==================================== ERRORS ====================================
______________ ERROR collecting tests/test_phase2_performance.py _______________
ImportError while importing test module '/Users/pyw/new/MyRecall/tests/test_phase2_performance.py'.
Hint: make sure your test modules/packages have valid Python names.
Traceback:
/Applications/Xcode.app/Contents/Developer/Library/Frameworks/Python3.framework/Versions/3.9/lib/python3.9/importlib/__init__.py:127: in import_module
    return _bootstrap._gcd_import(name[level:], package, level)
tests/test_phase2_performance.py:17: in <module>
    import numpy as np
E   ModuleNotFoundError: No module named 'numpy'
=========================== short test summary info ============================
ERROR tests/test_phase2_performance.py
!!!!!!!!!!!!!!!!!!!! Interrupted: 1 error during collection !!!!!!!!!!!!!!!!!!!!
=============================== 1 error in 0.08s ===============================

===== TEST 10 (phase2_quality) =====
CMD: python3 -m pytest tests/test_phase2_quality.py -v
RESULT: FAIL (rc=2)
--- LOG TAIL (phase2_quality) ---
============================= test session starts ==============================
platform darwin -- Python 3.9.6, pytest-8.4.2, pluggy-1.6.0 -- /Applications/Xcode.app/Contents/Developer/usr/bin/python3
cachedir: .pytest_cache
rootdir: /Users/pyw/new/MyRecall
configfile: pytest.ini
collecting ... collected 0 items / 1 error

==================================== ERRORS ====================================
________________ ERROR collecting tests/test_phase2_quality.py _________________
ImportError while importing test module '/Users/pyw/new/MyRecall/tests/test_phase2_quality.py'.
Hint: make sure your test modules/packages have valid Python names.
Traceback:
/Applications/Xcode.app/Contents/Developer/Library/Frameworks/Python3.framework/Versions/3.9/lib/python3.9/importlib/__init__.py:127: in import_module
    return _bootstrap._gcd_import(name[level:], package, level)
tests/test_phase2_quality.py:12: in <module>
    import numpy as np
E   ModuleNotFoundError: No module named 'numpy'
=========================== short test summary info ============================
ERROR tests/test_phase2_quality.py
!!!!!!!!!!!!!!!!!!!! Interrupted: 1 error during collection !!!!!!!!!!!!!!!!!!!!
=============================== 1 error in 0.09s ===============================

===== TEST 11 (phase2_smoke) =====
CMD: python3 -m pytest tests/test_phase2_smoke.py -v
RESULT: FAIL (rc=2)
--- LOG TAIL (phase2_smoke) ---
============================= test session starts ==============================
platform darwin -- Python 3.9.6, pytest-8.4.2, pluggy-1.6.0 -- /Applications/Xcode.app/Contents/Developer/usr/bin/python3
cachedir: .pytest_cache
rootdir: /Users/pyw/new/MyRecall
configfile: pytest.ini
collecting ... collected 0 items / 1 error

==================================== ERRORS ====================================
_________________ ERROR collecting tests/test_phase2_smoke.py __________________
ImportError while importing test module '/Users/pyw/new/MyRecall/tests/test_phase2_smoke.py'.
Hint: make sure your test modules/packages have valid Python names.
Traceback:
/Applications/Xcode.app/Contents/Developer/Library/Frameworks/Python3.framework/Versions/3.9/lib/python3.9/importlib/__init__.py:127: in import_module
    return _bootstrap._gcd_import(name[level:], package, level)
tests/test_phase2_smoke.py:11: in <module>
    import numpy as np
E   ModuleNotFoundError: No module named 'numpy'
=========================== short test summary info ============================
ERROR tests/test_phase2_smoke.py
!!!!!!!!!!!!!!!!!!!! Interrupted: 1 error during collection !!!!!!!!!!!!!!!!!!!!
=============================== 1 error in 0.07s ===============================

===== TEST 12 (phase2_gates) =====
CMD: python3 -m pytest tests/test_phase2_gates.py -v
RESULT: FAIL (rc=2)
--- LOG TAIL (phase2_gates) ---
============================= test session starts ==============================
platform darwin -- Python 3.9.6, pytest-8.4.2, pluggy-1.6.0 -- /Applications/Xcode.app/Contents/Developer/usr/bin/python3
cachedir: .pytest_cache
rootdir: /Users/pyw/new/MyRecall
configfile: pytest.ini
collecting ... collected 0 items / 1 error

==================================== ERRORS ====================================
_________________ ERROR collecting tests/test_phase2_gates.py __________________
ImportError while importing test module '/Users/pyw/new/MyRecall/tests/test_phase2_gates.py'.
Hint: make sure your test modules/packages have valid Python names.
Traceback:
/Applications/Xcode.app/Contents/Developer/Library/Frameworks/Python3.framework/Versions/3.9/lib/python3.9/importlib/__init__.py:127: in import_module
    return _bootstrap._gcd_import(name[level:], package, level)
tests/test_phase2_gates.py:27: in <module>
    import numpy as np
E   ModuleNotFoundError: No module named 'numpy'
=========================== short test summary info ============================
ERROR tests/test_phase2_gates.py
!!!!!!!!!!!!!!!!!!!! Interrupted: 1 error during collection !!!!!!!!!!!!!!!!!!!!
=============================== 1 error in 0.11s ===============================

===== TEST 13 (phase0_all) =====
CMD: python3 -m pytest tests/test_phase0_*.py -v
RESULT: FAIL (rc=2)
--- LOG TAIL (phase0_all) ---
_________________ ERROR collecting tests/test_phase0_models.py _________________
ImportError while importing test module '/Users/pyw/new/MyRecall/tests/test_phase0_models.py'.
Hint: make sure your test modules/packages have valid Python names.
Traceback:
/Applications/Xcode.app/Contents/Developer/Library/Frameworks/Python3.framework/Versions/3.9/lib/python3.9/importlib/__init__.py:127: in import_module
    return _bootstrap._gcd_import(name[level:], package, level)
tests/test_phase0_models.py:5: in <module>
    from openrecall.shared.models import (
openrecall/shared/models.py:5: in <module>
    import numpy as np
E   ModuleNotFoundError: No module named 'numpy'
______________ ERROR collecting tests/test_phase0_upload_queue.py ______________
ImportError while importing test module '/Users/pyw/new/MyRecall/tests/test_phase0_upload_queue.py'.
Hint: make sure your test modules/packages have valid Python names.
Traceback:
/Applications/Xcode.app/Contents/Developer/Library/Frameworks/Python3.framework/Versions/3.9/lib/python3.9/importlib/__init__.py:127: in import_module
    return _bootstrap._gcd_import(name[level:], package, level)
tests/test_phase0_upload_queue.py:9: in <module>
    from PIL import Image
E   ModuleNotFoundError: No module named 'PIL'
=========================== short test summary info ============================
ERROR tests/test_phase0_models.py
ERROR tests/test_phase0_upload_queue.py
!!!!!!!!!!!!!!!!!!! Interrupted: 2 errors during collection !!!!!!!!!!!!!!!!!!!!
============================== 2 errors in 0.16s ===============================

===== TEST 14 (phase1_all) =====
CMD: python3 -m pytest tests/test_phase1_*.py -v
RESULT: FAIL (rc=2)
--- LOG TAIL (phase1_all) ---
    import lancedb
E   ModuleNotFoundError: No module named 'lancedb'
______________ ERROR collecting tests/test_phase1_timeline_api.py ______________
ImportError while importing test module '/Users/pyw/new/MyRecall/tests/test_phase1_timeline_api.py'.
Hint: make sure your test modules/packages have valid Python names.
Traceback:
/Applications/Xcode.app/Contents/Developer/Library/Frameworks/Python3.framework/Versions/3.9/lib/python3.9/importlib/__init__.py:127: in import_module
    return _bootstrap._gcd_import(name[level:], package, level)
tests/test_phase1_timeline_api.py:10: in <module>
    from PIL import Image
E   ModuleNotFoundError: No module named 'PIL'
=========================== short test summary info ============================
ERROR tests/test_phase1_5_focused_browser_url.py
ERROR tests/test_phase1_5_ocr_engine.py
ERROR tests/test_phase1_5_offset_guard.py
ERROR tests/test_phase1_buffer_pool.py
ERROR tests/test_phase1_frame_extractor.py
ERROR tests/test_phase1_gates.py
ERROR tests/test_phase1_pipeline_profile_change.py
ERROR tests/test_phase1_retention.py
ERROR tests/test_phase1_sck_stride_unpadding.py
ERROR tests/test_phase1_search_debug_render.py
ERROR tests/test_phase1_timeline_api.py
!!!!!!!!!!!!!!!!!!! Interrupted: 11 errors during collection !!!!!!!!!!!!!!!!!!!
============================== 11 errors in 0.35s ==============================

===== TEST 15 (phase2_all) =====
CMD: python3 -m pytest tests/test_phase2_*.py -v
RESULT: FAIL (rc=2)
--- LOG TAIL (phase2_all) ---
tests/test_phase2_transcriber.py:8: in <module>
    import numpy as np
E   ModuleNotFoundError: No module named 'numpy'
__________________ ERROR collecting tests/test_phase2_vad.py ___________________
ImportError while importing test module '/Users/pyw/new/MyRecall/tests/test_phase2_vad.py'.
Hint: make sure your test modules/packages have valid Python names.
Traceback:
/Applications/Xcode.app/Contents/Developer/Library/Frameworks/Python3.framework/Versions/3.9/lib/python3.9/importlib/__init__.py:127: in import_module
    return _bootstrap._gcd_import(name[level:], package, level)
tests/test_phase2_vad.py:7: in <module>
    import numpy as np
E   ModuleNotFoundError: No module named 'numpy'
=========================== short test summary info ============================
ERROR tests/test_phase2_audio_manager.py
ERROR tests/test_phase2_audio_recorder.py
ERROR tests/test_phase2_gates.py
ERROR tests/test_phase2_ingestion.py
ERROR tests/test_phase2_performance.py
ERROR tests/test_phase2_quality.py
ERROR tests/test_phase2_smoke.py
ERROR tests/test_phase2_timeline.py
ERROR tests/test_phase2_transcriber.py
ERROR tests/test_phase2_vad.py
!!!!!!!!!!!!!!!!!!! Interrupted: 10 errors during collection !!!!!!!!!!!!!!!!!!!
============================== 10 errors in 0.16s ==============================

===== TEST 16 (tests_all) =====
CMD: python3 -m pytest tests/ -v --tb=short
RESULT: FAIL (rc=2)
--- LOG TAIL (tests_all) ---
ERROR tests/test_phase1_5_offset_guard.py
ERROR tests/test_phase1_buffer_pool.py
ERROR tests/test_phase1_frame_extractor.py
ERROR tests/test_phase1_gates.py
ERROR tests/test_phase1_pipeline_profile_change.py
ERROR tests/test_phase1_retention.py
ERROR tests/test_phase1_sck_stride_unpadding.py
ERROR tests/test_phase1_search_debug_render.py
ERROR tests/test_phase1_timeline_api.py
ERROR tests/test_phase2_audio_manager.py
ERROR tests/test_phase2_audio_recorder.py
ERROR tests/test_phase2_gates.py
ERROR tests/test_phase2_ingestion.py
ERROR tests/test_phase2_performance.py
ERROR tests/test_phase2_quality.py
ERROR tests/test_phase2_smoke.py
ERROR tests/test_phase2_timeline.py
ERROR tests/test_phase2_transcriber.py
ERROR tests/test_phase2_vad.py
ERROR tests/test_phase5_buffer.py
ERROR tests/test_phase7_fusion.py
ERROR tests/test_phase8_2_logic_integration.py
ERROR tests/test_sck_error_classification.py
!!!!!!!!!!!!!!!!!!! Interrupted: 31 errors during collection !!!!!!!!!!!!!!!!!!!
======================= 2 deselected, 31 errors in 0.51s =======================

FAIL_COUNT=16
